

Microchip Technology PIC18 LITE Macro Assembler V1.34 build -361300703 
                                                                                               Tue Apr 26 17:45:09 2016

Microchip Technology Omniscient Code Generator (Lite mode) build 201502162209
     1                           	processor	18F4431
     2                           	fnconf	rparam,??,?,0
     3                           	opt	pw 120
     4                           	opt	lm
     5                           	psect	idataCOMRAM,global,class=CODE,delta=1
     6                           	psect	cinit,global,reloc=2,class=CODE,delta=1
     7                           	psect	bssCOMRAM,global,class=COMRAM,space=1,delta=1
     8                           	psect	dataCOMRAM,global,class=COMRAM,space=1,delta=1
     9                           	psect	cstackCOMRAM,global,class=COMRAM,space=1,delta=1
    10                           	psect	text0,global,reloc=2,class=CODE,delta=1
    11                           	psect	text1,global,reloc=2,class=CODE,delta=1
    12                           	psect	text2,global,reloc=2,class=CODE,delta=1
    13                           	psect	intcodelo,global,reloc=2,class=CODE,delta=1
    14                           	psect	text4,global,reloc=2,class=CODE,delta=1
    15                           	psect	text5,global,reloc=2,class=CODE,delta=1
    16                           	psect	intcode,global,reloc=2,class=CODE,delta=1
    17                           	psect	intcode_body,global,reloc=2,class=CODE,delta=1
    18                           	psect	intsave_regs,global,class=BIGRAM,space=1,delta=1
    19                           	psect	rparam,global,class=COMRAM,space=1,delta=1
    20  0000                     
    21                           	psect	idataCOMRAM
    22  000222                     __pidataCOMRAM:
    23                           	opt stack 0
    24                           
    25                           ;initializer for _buffer
    26  000222  31                 	db	49
    27  000223  32                 	db	50
    28  000224  33                 	db	51
    29  000225  34                 	db	52
    30  000226  35                 	db	53
    31  000227  36                 	db	54
    32  000228  37                 	db	55
    33  000229  38                 	db	56
    34  00022A  39                 	db	57
    35  00022B  40                 	db	64
    36  0000                     _ADCON1bits	set	4033
    37  0000                     _ANSEL0	set	4024
    38  0000                     _INTCONbits	set	4082
    39  0000                     _IPR1bits	set	3999
    40  0000                     _LATBbits	set	3978
    41  0000                     _PIE1bits	set	3997
    42  0000                     _PIR1bits	set	3998
    43  0000                     _PORTA	set	3968
    44  0000                     _PORTB	set	3969
    45  0000                     _PORTC	set	3970
    46  0000                     _PORTD	set	3971
    47  0000                     _PORTE	set	3972
    48  0000                     _RCONbits	set	4048
    49  0000                     _SSPADD	set	4040
    50  0000                     _SSPBUF	set	4041
    51  0000                     _SSPCONbits	set	4038
    52  0000                     _SSPSTATbits	set	4039
    53  0000                     _TRISA	set	3986
    54  0000                     _TRISB	set	3987
    55  0000                     _TRISC	set	3988
    56  0000                     _TRISD	set	3989
    57  0000                     _TRISE	set	3990
    58                           
    59                           ; #config settings
    60  0000                     
    61                           	psect	cinit
    62  00014C                     __pcinit:
    63                           	opt stack 0
    64  00014C                     start_initialization:
    65                           	opt stack 0
    66  00014C                     __initialization:
    67                           	opt stack 0
    68                           
    69                           ; Clear objects allocated to COMRAM (12 bytes)
    70  00014C  EE00  F025         	lfsr	0,__pbssCOMRAM
    71  000150  0E0C               	movlw	12
    72  000152                     clear_0:
    73  000152  6AEE               	clrf	postinc0,c
    74  000154  06E8               	decf	wreg,f,c
    75  000156  E1FD               	bnz	clear_0
    76                           
    77                           ; Initialize objects allocated to COMRAM (10 bytes)
    78                           ; load TBLPTR registers with __pidataCOMRAM
    79  000158  0E22               	movlw	low __pidataCOMRAM
    80  00015A  6EF6               	movwf	tblptrl,c
    81  00015C  0E02               	movlw	high __pidataCOMRAM
    82  00015E  6EF7               	movwf	tblptrh,c
    83  000160  0E00               	movlw	low (__pidataCOMRAM shr (0+16))
    84  000162  6EF8               	movwf	tblptru,c
    85  000164  EE00  F031         	lfsr	0,__pdataCOMRAM
    86  000168  EE10 F00A          	lfsr	1,10
    87  00016C                     copy_data0:
    88  00016C  0009               	tblrd		*+
    89  00016E  CFF5 FFEE          	movff	tablat,postinc0
    90  000172  50E5               	movf	postdec1,w,c
    91  000174  50E1               	movf	fsr1l,w,c
    92  000176  E1FA               	bnz	copy_data0
    93  000178                     end_of_initialization:
    94                           	opt stack 0
    95  000178                     __end_of__initialization:
    96                           	opt stack 0
    97  000178  0100               	movlb	0
    98  00017A  EF04  F001         	goto	_main	;jump to C main() function
    99                           tblptru	equ	0xFF8
   100                           tblptrh	equ	0xFF7
   101                           tblptrl	equ	0xFF6
   102                           tablat	equ	0xFF5
   103                           postinc0	equ	0xFEE
   104                           wreg	equ	0xFE8
   105                           postdec1	equ	0xFE5
   106                           fsr1l	equ	0xFE1
   107                           
   108                           	psect	bssCOMRAM
   109  000025                     __pbssCOMRAM:
   110                           	opt stack 0
   111  000025                     _I2C_data:
   112                           	opt stack 0
   113  000025                     	ds	11
   114  000030                     _Buffer:
   115                           	opt stack 0
   116  000030                     	ds	1
   117                           tblptru	equ	0xFF8
   118                           tblptrh	equ	0xFF7
   119                           tblptrl	equ	0xFF6
   120                           tablat	equ	0xFF5
   121                           postinc0	equ	0xFEE
   122                           wreg	equ	0xFE8
   123                           postdec1	equ	0xFE5
   124                           fsr1l	equ	0xFE1
   125                           
   126                           	psect	dataCOMRAM
   127  000031                     __pdataCOMRAM:
   128                           	opt stack 0
   129  000031                     _buffer:
   130                           	opt stack 0
   131  000031                     	ds	10
   132                           tblptru	equ	0xFF8
   133                           tblptrh	equ	0xFF7
   134                           tblptrl	equ	0xFF6
   135                           tablat	equ	0xFF5
   136                           postinc0	equ	0xFEE
   137                           wreg	equ	0xFE8
   138                           postdec1	equ	0xFE5
   139                           fsr1l	equ	0xFE1
   140                           
   141                           	psect	cstackCOMRAM
   142  000001                     __pcstackCOMRAM:
   143                           	opt stack 0
   144  000001                     ??_ISRHigh:
   145                           
   146                           ; 0 bytes @ 0x0
   147  000001                     	ds	14
   148  00000F                     I2c_send_array@buffer:
   149                           	opt stack 0
   150                           
   151                           ; 2 bytes @ 0xE
   152  00000F                     	ds	2
   153  000011                     ??_ISRLow:
   154                           
   155                           ; 0 bytes @ 0x10
   156  000011                     	ds	18
   157  000023                     I2C_Slave_config@I2c_mode:
   158                           	opt stack 0
   159                           
   160                           ; 1 bytes @ 0x22
   161  000023                     	ds	1
   162  000024                     I2C_Slave_config@I2c_slave_add:
   163                           	opt stack 0
   164                           
   165                           ; 1 bytes @ 0x23
   166  000024                     	ds	1
   167  000025                     tblptru	equ	0xFF8
   168                           tblptrh	equ	0xFF7
   169                           tblptrl	equ	0xFF6
   170                           tablat	equ	0xFF5
   171                           postinc0	equ	0xFEE
   172                           wreg	equ	0xFE8
   173                           postdec1	equ	0xFE5
   174                           fsr1l	equ	0xFE1
   175                           
   176                           ; 0 bytes @ 0x24
   177 ;;
   178 ;;Main: autosize = 0, tempsize = 0, incstack = 0, save=0
   179 ;;
   180 ;; *************** function _main *****************
   181 ;; Defined at:
   182 ;;		line 145 in file "COM.c"
   183 ;; Parameters:    Size  Location     Type
   184 ;;		None
   185 ;; Auto vars:     Size  Location     Type
   186 ;;		None
   187 ;; Return value:  Size  Location     Type
   188 ;;		None               void
   189 ;; Registers used:
   190 ;;		wreg, status,2, status,0, cstack
   191 ;; Tracked objects:
   192 ;;		On entry : 0/0
   193 ;;		On exit  : 0/0
   194 ;;		Unchanged: 0/0
   195 ;; Data sizes:     COMRAM   BANK0   BANK1   BANK2
   196 ;;      Params:         0       0       0       0
   197 ;;      Locals:         0       0       0       0
   198 ;;      Temps:          0       0       0       0
   199 ;;      Totals:         0       0       0       0
   200 ;;Total ram usage:        0 bytes
   201 ;; Hardware stack levels required when called:    4
   202 ;; This function calls:
   203 ;;		_I2C_Slave_config
   204 ;;		_SYSTEM_INT
   205 ;; This function is called by:
   206 ;;		Startup code after reset
   207 ;; This function uses a non-reentrant model
   208 ;;
   209                           
   210                           	psect	text0
   211  000208                     __ptext0:
   212                           	opt stack 0
   213  000208                     _main:
   214                           	opt stack 27
   215                           
   216                           ;COM.c: 146: SYSTEM_INT();
   217                           
   218                           ;incstack = 0
   219  000208  ECBF  F000         	call	_SYSTEM_INT	;wreg free
   220                           
   221                           ;COM.c: 147: I2C_Slave_config();
   222  00020C  ECD8  F000         	call	_I2C_Slave_config	;wreg free
   223  000210                     l48:
   224                           
   225                           ;COM.c: 150: {
   226  000210  D7FF               	goto	l48
   227                           
   228                           ;COM.c: 152: }
   229                           ;COM.c: 153: return;
   230  000212  EF6C  F000         	goto	start
   231  000216                     __end_of_main:
   232                           	opt stack 0
   233                           tblptru	equ	0xFF8
   234                           tblptrh	equ	0xFF7
   235                           tblptrl	equ	0xFF6
   236                           tablat	equ	0xFF5
   237                           postinc0	equ	0xFEE
   238                           wreg	equ	0xFE8
   239                           postdec1	equ	0xFE5
   240                           fsr1l	equ	0xFE1
   241                           
   242 ;; *************** function _SYSTEM_INT *****************
   243 ;; Defined at:
   244 ;;		line 87 in file "COM.c"
   245 ;; Parameters:    Size  Location     Type
   246 ;;		None
   247 ;; Auto vars:     Size  Location     Type
   248 ;;		None
   249 ;; Return value:  Size  Location     Type
   250 ;;		None               void
   251 ;; Registers used:
   252 ;;		wreg, status,2
   253 ;; Tracked objects:
   254 ;;		On entry : 0/0
   255 ;;		On exit  : 0/0
   256 ;;		Unchanged: 0/0
   257 ;; Data sizes:     COMRAM   BANK0   BANK1   BANK2
   258 ;;      Params:         0       0       0       0
   259 ;;      Locals:         0       0       0       0
   260 ;;      Temps:          0       0       0       0
   261 ;;      Totals:         0       0       0       0
   262 ;;Total ram usage:        0 bytes
   263 ;; Hardware stack levels used:    1
   264 ;; Hardware stack levels required when called:    3
   265 ;; This function calls:
   266 ;;		Nothing
   267 ;; This function is called by:
   268 ;;		_main
   269 ;; This function uses a non-reentrant model
   270 ;;
   271                           
   272                           	psect	text1
   273  00017E                     __ptext1:
   274                           	opt stack 0
   275  00017E                     _SYSTEM_INT:
   276                           	opt stack 27
   277                           
   278                           ;COM.c: 100: PORTA = 0;
   279                           
   280                           ;incstack = 0
   281  00017E  0E00               	movlw	0
   282  000180  6E80               	movwf	3968,c	;volatile
   283                           
   284                           ;COM.c: 101: PORTB = 0;
   285  000182  0E00               	movlw	0
   286  000184  6E81               	movwf	3969,c	;volatile
   287                           
   288                           ;COM.c: 102: PORTC = 0;
   289  000186  0E00               	movlw	0
   290  000188  6E82               	movwf	3970,c	;volatile
   291                           
   292                           ;COM.c: 103: PORTD = 0;
   293  00018A  0E00               	movlw	0
   294  00018C  6E83               	movwf	3971,c	;volatile
   295                           
   296                           ;COM.c: 104: PORTE = 0;
   297  00018E  0E00               	movlw	0
   298  000190  6E84               	movwf	3972,c	;volatile
   299                           
   300                           ;COM.c: 106: TRISA = 0b00111111;
   301  000192  0E3F               	movlw	63
   302  000194  6E92               	movwf	3986,c	;volatile
   303                           
   304                           ;COM.c: 107: TRISB = 0b00000000;
   305  000196  0E00               	movlw	0
   306  000198  6E93               	movwf	3987,c	;volatile
   307                           
   308                           ;COM.c: 108: TRISC = 0b11110011;
   309  00019A  0EF3               	movlw	243
   310  00019C  6E94               	movwf	3988,c	;volatile
   311                           
   312                           ;COM.c: 109: TRISD = 0b00001100;
   313  00019E  0E0C               	movlw	12
   314  0001A0  6E95               	movwf	3989,c	;volatile
   315                           
   316                           ;COM.c: 110: TRISE = 0;
   317  0001A2  0E00               	movlw	0
   318  0001A4  6E96               	movwf	3990,c	;volatile
   319                           
   320                           ;COM.c: 113: ADCON1bits.VCFG= 0;
   321  0001A6  0E3F               	movlw	-193
   322  0001A8  16C1               	andwf	4033,f,c	;volatile
   323                           
   324                           ;COM.c: 114: ANSEL0=0;
   325  0001AA  0E00               	movlw	0
   326  0001AC  6EB8               	movwf	4024,c	;volatile
   327  0001AE  0012               	return		;funcret
   328  0001B0                     __end_of_SYSTEM_INT:
   329                           	opt stack 0
   330                           tblptru	equ	0xFF8
   331                           tblptrh	equ	0xFF7
   332                           tblptrl	equ	0xFF6
   333                           tablat	equ	0xFF5
   334                           postinc0	equ	0xFEE
   335                           wreg	equ	0xFE8
   336                           postdec1	equ	0xFE5
   337                           fsr1l	equ	0xFE1
   338                           
   339 ;; *************** function _I2C_Slave_config *****************
   340 ;; Defined at:
   341 ;;		line 118 in file "COM.c"
   342 ;; Parameters:    Size  Location     Type
   343 ;;		None
   344 ;; Auto vars:     Size  Location     Type
   345 ;;  I2c_slave_ad    1   35[COMRAM] unsigned char 
   346 ;;  I2c_mode        1   34[COMRAM] unsigned char 
   347 ;; Return value:  Size  Location     Type
   348 ;;		None               void
   349 ;; Registers used:
   350 ;;		wreg, status,2, status,0
   351 ;; Tracked objects:
   352 ;;		On entry : 0/0
   353 ;;		On exit  : 0/0
   354 ;;		Unchanged: 0/0
   355 ;; Data sizes:     COMRAM   BANK0   BANK1   BANK2
   356 ;;      Params:         0       0       0       0
   357 ;;      Locals:         2       0       0       0
   358 ;;      Temps:          0       0       0       0
   359 ;;      Totals:         2       0       0       0
   360 ;;Total ram usage:        2 bytes
   361 ;; Hardware stack levels used:    1
   362 ;; Hardware stack levels required when called:    3
   363 ;; This function calls:
   364 ;;		Nothing
   365 ;; This function is called by:
   366 ;;		_main
   367 ;; This function uses a non-reentrant model
   368 ;;
   369                           
   370                           	psect	text2
   371  0001B0                     __ptext2:
   372                           	opt stack 0
   373  0001B0                     _I2C_Slave_config:
   374                           	opt stack 27
   375                           
   376                           ;COM.c: 120: uint8_t I2c_mode,I2c_slave_add;
   377                           ;COM.c: 122: I2c_mode = 0b00001110;
   378                           
   379                           ;incstack = 0
   380  0001B0  0E0E               	movlw	14
   381  0001B2  6E23               	movwf	I2C_Slave_config@I2c_mode,c
   382                           
   383                           ;COM.c: 123: I2c_slave_add = 0x27;
   384  0001B4  0E27               	movlw	39
   385  0001B6  6E24               	movwf	I2C_Slave_config@I2c_slave_add,c
   386                           
   387                           ;COM.c: 125: TRISD |= 0b00001100;
   388  0001B8  0E0C               	movlw	12
   389  0001BA  1295               	iorwf	3989,f,c	;volatile
   390                           
   391                           ;COM.c: 128: SSPADD = (uint8_t)(I2c_slave_add<<1);
   392  0001BC  5024               	movf	I2C_Slave_config@I2c_slave_add,w,c
   393  0001BE  2424               	addwf	I2C_Slave_config@I2c_slave_add,w,c
   394  0001C0  6EC8               	movwf	4040,c	;volatile
   395                           
   396                           ;COM.c: 129: SSPCONbits.WCOL =0;
   397  0001C2  9EC6               	bcf	4038,7,c	;volatile
   398                           
   399                           ;COM.c: 130: SSPCONbits.CKP = 1;
   400  0001C4  88C6               	bsf	4038,4,c	;volatile
   401                           
   402                           ;COM.c: 131: SSPCONbits.SSPM = 0b0110;
   403  0001C6  50C6               	movf	4038,w,c	;volatile
   404  0001C8  0BF0               	andlw	-16
   405  0001CA  0906               	iorlw	6
   406  0001CC  6EC6               	movwf	4038,c	;volatile
   407                           
   408                           ;COM.c: 134: SSPCONbits.SSPEN = 1;
   409  0001CE  8AC6               	bsf	4038,5,c	;volatile
   410                           
   411                           ;COM.c: 136: RCONbits.IPEN = 1;
   412  0001D0  8ED0               	bsf	4048,7,c	;volatile
   413                           
   414                           ;COM.c: 137: INTCONbits.GIE = 1;
   415  0001D2  8EF2               	bsf	intcon,7,c	;volatile
   416                           
   417                           ;COM.c: 138: INTCONbits.PEIE = 1;
   418  0001D4  8CF2               	bsf	intcon,6,c	;volatile
   419                           
   420                           ;COM.c: 140: IPR1bits.SSPIP = 0;
   421  0001D6  969F               	bcf	3999,3,c	;volatile
   422                           
   423                           ;COM.c: 141: PIE1bits.SSPIE = 1;
   424  0001D8  869D               	bsf	3997,3,c	;volatile
   425  0001DA  0012               	return		;funcret
   426  0001DC                     __end_of_I2C_Slave_config:
   427                           	opt stack 0
   428                           tblptru	equ	0xFF8
   429                           tblptrh	equ	0xFF7
   430                           tblptrl	equ	0xFF6
   431                           tablat	equ	0xFF5
   432                           intcon	equ	0xFF2
   433                           postinc0	equ	0xFEE
   434                           wreg	equ	0xFE8
   435                           postdec1	equ	0xFE5
   436                           fsr1l	equ	0xFE1
   437                           
   438 ;; *************** function _ISRLow *****************
   439 ;; Defined at:
   440 ;;		line 25 in file "isr.c"
   441 ;; Parameters:    Size  Location     Type
   442 ;;		None
   443 ;; Auto vars:     Size  Location     Type
   444 ;;		None
   445 ;; Return value:  Size  Location     Type
   446 ;;		None               void
   447 ;; Registers used:
   448 ;;		wreg, fsr2l, fsr2h, status,2, status,0, prodl, prodh, cstack
   449 ;; Tracked objects:
   450 ;;		On entry : 0/0
   451 ;;		On exit  : 0/0
   452 ;;		Unchanged: 0/0
   453 ;; Data sizes:     COMRAM   BANK0   BANK1   BANK2
   454 ;;      Params:         0       0       0       0
   455 ;;      Locals:         0       0       0       0
   456 ;;      Temps:         18       0       0       0
   457 ;;      Totals:        18       0       0       0
   458 ;;Total ram usage:       18 bytes
   459 ;; Hardware stack levels used:    1
   460 ;; Hardware stack levels required when called:    2
   461 ;; This function calls:
   462 ;;		_I2c_read_char2
   463 ;;		_I2c_send_array
   464 ;; This function is called by:
   465 ;;		Interrupt level 1
   466 ;; This function uses a non-reentrant model
   467 ;;
   468                           
   469                           	psect	intcodelo
   470  000018                     __pintcodelo:
   471                           	opt stack 0
   472  000018                     _ISRLow:
   473                           	opt stack 27
   474                           
   475                           ;incstack = 0
   476  000018  CFD8 F012          	movff	status,??_ISRLow+1
   477  00001C  CFE8 F013          	movff	wreg,??_ISRLow+2
   478  000020  CFE0 F014          	movff	bsr,??_ISRLow+3
   479  000024  CFFA F015          	movff	pclath,??_ISRLow+4
   480  000028  CFFB F016          	movff	pclatu,??_ISRLow+5
   481  00002C  CFE9 F017          	movff	fsr0l,??_ISRLow+6
   482  000030  CFEA F018          	movff	fsr0h,??_ISRLow+7
   483  000034  CFE1 F019          	movff	fsr1l,??_ISRLow+8
   484  000038  CFE2 F01A          	movff	fsr1h,??_ISRLow+9
   485  00003C  CFD9 F01B          	movff	fsr2l,??_ISRLow+10
   486  000040  CFDA F01C          	movff	fsr2h,??_ISRLow+11
   487  000044  CFF3 F01D          	movff	prodl,??_ISRLow+12
   488  000048  CFF4 F01E          	movff	prodh,??_ISRLow+13
   489  00004C  CFF6 F01F          	movff	tblptrl,??_ISRLow+14
   490  000050  CFF7 F020          	movff	tblptrh,??_ISRLow+15
   491  000054  CFF8 F021          	movff	tblptru,??_ISRLow+16
   492  000058  CFF5 F022          	movff	tablat,??_ISRLow+17
   493                           
   494                           ;isr.c: 27: if (PIR1bits.SSPIF)
   495  00005C  A69E               	btfss	3998,3,c	;volatile
   496  00005E  D019               	goto	i1l112
   497                           
   498                           ;isr.c: 28: {
   499                           ;isr.c: 30: LATBbits.LATB6=1;
   500  000060  8C8A               	bsf	3978,6,c	;volatile
   501                           
   502                           ;isr.c: 31: SSPCONbits.CKP=0;
   503  000062  98C6               	bcf	4038,4,c	;volatile
   504                           
   505                           ;isr.c: 32: _delay((unsigned long)((10)*(40000000/4000.0)));
   506  000064  0E82               	movlw	130
   507  000066  6E11               	movwf	??_ISRLow& (0+255),c
   508  000068  0EDE               	movlw	222
   509  00006A                     i1u17_27:
   510  00006A  2EE8               	decfsz	wreg,f,c
   511  00006C  D7FE               	goto	i1u17_27
   512  00006E  2E11               	decfsz	??_ISRLow& (0+255),f,c
   513  000070  D7FC               	goto	i1u17_27
   514                           
   515                           ;isr.c: 33: SSPCONbits.CKP=1;
   516  000072  88C6               	bsf	4038,4,c	;volatile
   517                           
   518                           ;isr.c: 34: if (SSPSTATbits.R_nW==0)I2c_read_char2();
   519  000074  B4C7               	btfsc	4039,2,c	;volatile
   520  000076  D003               	goto	i1l814
   521  000078  EC0B  F001         	call	_I2c_read_char2	;wreg free
   522  00007C  D007               	goto	i1l816
   523  00007E                     i1l814:
   524                           
   525                           ;isr.c: 35: else I2c_send_array(&buffer);
   526  00007E  0E31               	movlw	low _buffer
   527  000080  6E0F               	movwf	I2c_send_array@buffer,c
   528  000082  0E00               	movlw	high _buffer
   529  000084  6E10               	movwf	I2c_send_array@buffer+1,c
   530  000086  ECEE  F000         	call	_I2c_send_array	;wreg free
   531  00008A  D000               	goto	i1l816
   532  00008C                     i1l816:
   533                           
   534                           ;isr.c: 36: LATBbits.LATB6=0;
   535  00008C  9C8A               	bcf	3978,6,c	;volatile
   536                           
   537                           ;isr.c: 37: PIR1bits.SSPIF=0;
   538  00008E  969E               	bcf	3998,3,c	;volatile
   539  000090  D000               	goto	i1l112
   540  000092                     i1l112:
   541  000092  C022  FFF5         	movff	??_ISRLow+17,tablat
   542  000096  C021  FFF8         	movff	??_ISRLow+16,tblptru
   543  00009A  C020  FFF7         	movff	??_ISRLow+15,tblptrh
   544  00009E  C01F  FFF6         	movff	??_ISRLow+14,tblptrl
   545  0000A2  C01E  FFF4         	movff	??_ISRLow+13,prodh
   546  0000A6  C01D  FFF3         	movff	??_ISRLow+12,prodl
   547  0000AA  C01C  FFDA         	movff	??_ISRLow+11,fsr2h
   548  0000AE  C01B  FFD9         	movff	??_ISRLow+10,fsr2l
   549  0000B2  C01A  FFE2         	movff	??_ISRLow+9,fsr1h
   550  0000B6  C019  FFE1         	movff	??_ISRLow+8,fsr1l
   551  0000BA  C018  FFEA         	movff	??_ISRLow+7,fsr0h
   552  0000BE  C017  FFE9         	movff	??_ISRLow+6,fsr0l
   553  0000C2  C016  FFFB         	movff	??_ISRLow+5,pclatu
   554  0000C6  C015  FFFA         	movff	??_ISRLow+4,pclath
   555  0000CA  C014  FFE0         	movff	??_ISRLow+3,bsr
   556  0000CE  C013  FFE8         	movff	??_ISRLow+2,wreg
   557  0000D2  C012  FFD8         	movff	??_ISRLow+1,status
   558  0000D6  0010               	retfie	
   559  0000D8                     __end_of_ISRLow:
   560                           	opt stack 0
   561                           pclatu	equ	0xFFB
   562                           pclath	equ	0xFFA
   563                           tblptru	equ	0xFF8
   564                           tblptrh	equ	0xFF7
   565                           tblptrl	equ	0xFF6
   566                           tablat	equ	0xFF5
   567                           prodh	equ	0xFF4
   568                           prodl	equ	0xFF3
   569                           intcon	equ	0xFF2
   570                           postinc0	equ	0xFEE
   571                           fsr0h	equ	0xFEA
   572                           fsr0l	equ	0xFE9
   573                           wreg	equ	0xFE8
   574                           postdec1	equ	0xFE5
   575                           fsr1h	equ	0xFE2
   576                           fsr1l	equ	0xFE1
   577                           bsr	equ	0xFE0
   578                           fsr2h	equ	0xFDA
   579                           fsr2l	equ	0xFD9
   580                           status	equ	0xFD8
   581                           
   582 ;; *************** function _I2c_send_array *****************
   583 ;; Defined at:
   584 ;;		line 57 in file "ssp.c"
   585 ;; Parameters:    Size  Location     Type
   586 ;;  buffer          2   14[COMRAM] PTR unsigned char 
   587 ;;		 -> buffer(10), 
   588 ;; Auto vars:     Size  Location     Type
   589 ;;		None
   590 ;; Return value:  Size  Location     Type
   591 ;;		None               void
   592 ;; Registers used:
   593 ;;		wreg, fsr2l, fsr2h, status,2, status,0, prodl, prodh
   594 ;; Tracked objects:
   595 ;;		On entry : 0/0
   596 ;;		On exit  : 0/0
   597 ;;		Unchanged: 0/0
   598 ;; Data sizes:     COMRAM   BANK0   BANK1   BANK2
   599 ;;      Params:         2       0       0       0
   600 ;;      Locals:         0       0       0       0
   601 ;;      Temps:          0       0       0       0
   602 ;;      Totals:         2       0       0       0
   603 ;;Total ram usage:        2 bytes
   604 ;; Hardware stack levels used:    1
   605 ;; Hardware stack levels required when called:    1
   606 ;; This function calls:
   607 ;;		Nothing
   608 ;; This function is called by:
   609 ;;		_ISRLow
   610 ;; This function uses a non-reentrant model
   611 ;;
   612                           
   613                           	psect	text4
   614  0001DC                     __ptext4:
   615                           	opt stack 0
   616  0001DC                     _I2c_send_array:
   617                           	opt stack 27
   618                           
   619                           ;ssp.c: 59: if (SSPSTATbits.P)I2C_data.INDEX=0;
   620                           
   621                           ;incstack = 0
   622  0001DC  A8C7               	btfss	4039,4,c	;volatile
   623  0001DE  D003               	goto	i1l796
   624  0001E0  0E00               	movlw	0
   625  0001E2  6E2F               	movwf	_I2C_data+10,c
   626  0001E4  D000               	goto	i1l796
   627  0001E6                     i1l796:
   628                           
   629                           ;ssp.c: 61: SSPCONbits.CKP =0;
   630  0001E6  98C6               	bcf	4038,4,c	;volatile
   631                           
   632                           ;ssp.c: 62: SSPBUF = buffer[I2C_data.INDEX++];
   633  0001E8  502F               	movf	_I2C_data+10,w,c
   634  0001EA  0D01               	mullw	1
   635  0001EC  50F3               	movf	prodl,w,c
   636  0001EE  240F               	addwf	I2c_send_array@buffer,w,c
   637  0001F0  6ED9               	movwf	fsr2l,c
   638  0001F2  50F4               	movf	prodh,w,c
   639  0001F4  2010               	addwfc	I2c_send_array@buffer+1,w,c
   640  0001F6  6EDA               	movwf	fsr2h,c
   641  0001F8  50DF               	movf	indf2,w,c
   642  0001FA  6EC9               	movwf	4041,c	;volatile
   643  0001FC  2A2F               	incf	_I2C_data+10,f,c
   644                           
   645                           ;ssp.c: 63: while(!SSPSTATbits.BF);
   646  0001FE  D000               	goto	i1l87
   647  000200                     i1l87:
   648  000200  A0C7               	btfss	4039,0,c	;volatile
   649  000202  D7FE               	goto	i1l87
   650                           
   651                           ;ssp.c: 64: SSPCONbits.CKP =1;
   652  000204  88C6               	bsf	4038,4,c	;volatile
   653  000206  0012               	return		;funcret
   654  000208                     __end_of_I2c_send_array:
   655                           	opt stack 0
   656                           pclatu	equ	0xFFB
   657                           pclath	equ	0xFFA
   658                           tblptru	equ	0xFF8
   659                           tblptrh	equ	0xFF7
   660                           tblptrl	equ	0xFF6
   661                           tablat	equ	0xFF5
   662                           prodh	equ	0xFF4
   663                           prodl	equ	0xFF3
   664                           intcon	equ	0xFF2
   665                           postinc0	equ	0xFEE
   666                           fsr0h	equ	0xFEA
   667                           fsr0l	equ	0xFE9
   668                           wreg	equ	0xFE8
   669                           postdec1	equ	0xFE5
   670                           fsr1h	equ	0xFE2
   671                           fsr1l	equ	0xFE1
   672                           bsr	equ	0xFE0
   673                           indf2	equ	0xFDF
   674                           fsr2h	equ	0xFDA
   675                           fsr2l	equ	0xFD9
   676                           status	equ	0xFD8
   677                           
   678 ;; *************** function _I2c_read_char2 *****************
   679 ;; Defined at:
   680 ;;		line 37 in file "ssp.c"
   681 ;; Parameters:    Size  Location     Type
   682 ;;		None
   683 ;; Auto vars:     Size  Location     Type
   684 ;;		None
   685 ;; Return value:  Size  Location     Type
   686 ;;		None               void
   687 ;; Registers used:
   688 ;;		None
   689 ;; Tracked objects:
   690 ;;		On entry : 0/0
   691 ;;		On exit  : 0/0
   692 ;;		Unchanged: 0/0
   693 ;; Data sizes:     COMRAM   BANK0   BANK1   BANK2
   694 ;;      Params:         0       0       0       0
   695 ;;      Locals:         0       0       0       0
   696 ;;      Temps:          0       0       0       0
   697 ;;      Totals:         0       0       0       0
   698 ;;Total ram usage:        0 bytes
   699 ;; Hardware stack levels used:    1
   700 ;; Hardware stack levels required when called:    1
   701 ;; This function calls:
   702 ;;		Nothing
   703 ;; This function is called by:
   704 ;;		_ISRLow
   705 ;; This function uses a non-reentrant model
   706 ;;
   707                           
   708                           	psect	text5
   709  000216                     __ptext5:
   710                           	opt stack 0
   711  000216                     _I2c_read_char2:
   712                           	opt stack 27
   713                           
   714                           ;ssp.c: 39: if (SSPSTATbits.BF) I2C_data.INDEX =SSPBUF;
   715                           
   716                           ;incstack = 0
   717  000216  A0C7               	btfss	4039,0,c	;volatile
   718  000218  D003               	goto	i1l76
   719  00021A  CFC9 F02F          	movff	4041,_I2C_data+10	;volatile
   720  00021E  D000               	goto	i1l76
   721  000220                     i1l76:
   722  000220  0012               	return		;funcret
   723  000222                     __end_of_I2c_read_char2:
   724                           	opt stack 0
   725                           pclatu	equ	0xFFB
   726                           pclath	equ	0xFFA
   727                           tblptru	equ	0xFF8
   728                           tblptrh	equ	0xFF7
   729                           tblptrl	equ	0xFF6
   730                           tablat	equ	0xFF5
   731                           prodh	equ	0xFF4
   732                           prodl	equ	0xFF3
   733                           intcon	equ	0xFF2
   734                           postinc0	equ	0xFEE
   735                           fsr0h	equ	0xFEA
   736                           fsr0l	equ	0xFE9
   737                           wreg	equ	0xFE8
   738                           postdec1	equ	0xFE5
   739                           fsr1h	equ	0xFE2
   740                           fsr1l	equ	0xFE1
   741                           bsr	equ	0xFE0
   742                           indf2	equ	0xFDF
   743                           fsr2h	equ	0xFDA
   744                           fsr2l	equ	0xFD9
   745                           status	equ	0xFD8
   746                           
   747 ;; *************** function _ISRHigh *****************
   748 ;; Defined at:
   749 ;;		line 41 in file "isr.c"
   750 ;; Parameters:    Size  Location     Type
   751 ;;		None
   752 ;; Auto vars:     Size  Location     Type
   753 ;;		None
   754 ;; Return value:  Size  Location     Type
   755 ;;		None               void
   756 ;; Registers used:
   757 ;;		None
   758 ;; Tracked objects:
   759 ;;		On entry : 0/0
   760 ;;		On exit  : 0/0
   761 ;;		Unchanged: 0/0
   762 ;; Data sizes:     COMRAM   BANK0   BANK1   BANK2
   763 ;;      Params:         0       0       0       0
   764 ;;      Locals:         0       0       0       0
   765 ;;      Temps:         14       0       0       0
   766 ;;      Totals:        14       0       0       0
   767 ;;Total ram usage:       14 bytes
   768 ;; Hardware stack levels used:    1
   769 ;; This function calls:
   770 ;;		Nothing
   771 ;; This function is called by:
   772 ;;		Interrupt level 2
   773 ;; This function uses a non-reentrant model
   774 ;;
   775                           
   776                           	psect	intcode
   777  000008                     __pintcode:
   778                           	opt stack 0
   779  000008                     _ISRHigh:
   780                           	opt stack 27
   781                           
   782                           ;incstack = 0
   783  000008  CFFA F001          	movff	pclath,??_ISRHigh
   784  00000C  CFFB F002          	movff	pclatu,??_ISRHigh+1
   785  000010  CFE9 F003          	movff	fsr0l,??_ISRHigh+2
   786  000014  EF6E  F000         	goto	int_func
   787                           pclatu	equ	0xFFB
   788                           pclath	equ	0xFFA
   789                           tblptru	equ	0xFF8
   790                           tblptrh	equ	0xFF7
   791                           tblptrl	equ	0xFF6
   792                           tablat	equ	0xFF5
   793                           prodh	equ	0xFF4
   794                           prodl	equ	0xFF3
   795                           intcon	equ	0xFF2
   796                           postinc0	equ	0xFEE
   797                           fsr0h	equ	0xFEA
   798                           fsr0l	equ	0xFE9
   799                           wreg	equ	0xFE8
   800                           postdec1	equ	0xFE5
   801                           fsr1h	equ	0xFE2
   802                           fsr1l	equ	0xFE1
   803                           bsr	equ	0xFE0
   804                           indf2	equ	0xFDF
   805                           fsr2h	equ	0xFDA
   806                           fsr2l	equ	0xFD9
   807                           status	equ	0xFD8
   808                           
   809                           	psect	intcode_body
   810  0000DC                     __pintcode_body:
   811                           	opt stack 27
   812  0000DC                     int_func:
   813                           	opt stack 27
   814  0000DC  CFEA F004          	movff	fsr0h,??_ISRHigh+3
   815  0000E0  CFE1 F005          	movff	fsr1l,??_ISRHigh+4
   816  0000E4  CFE2 F006          	movff	fsr1h,??_ISRHigh+5
   817  0000E8  CFD9 F007          	movff	fsr2l,??_ISRHigh+6
   818  0000EC  CFDA F008          	movff	fsr2h,??_ISRHigh+7
   819  0000F0  CFF3 F009          	movff	prodl,??_ISRHigh+8
   820  0000F4  CFF4 F00A          	movff	prodh,??_ISRHigh+9
   821  0000F8  CFF6 F00B          	movff	tblptrl,??_ISRHigh+10
   822  0000FC  CFF7 F00C          	movff	tblptrh,??_ISRHigh+11
   823  000100  CFF8 F00D          	movff	tblptru,??_ISRHigh+12
   824  000104  CFF5 F00E          	movff	tablat,??_ISRHigh+13
   825                           
   826                           ;isr.c: 43: if (PIR1bits.SSPIF)
   827  000108  A69E               	btfss	3998,3,c	;volatile
   828  00010A  D003               	goto	i2l116
   829                           
   830                           ;isr.c: 44: {
   831                           ;isr.c: 45: LATBbits.LATB7=1;
   832  00010C  8E8A               	bsf	3978,7,c	;volatile
   833                           
   834                           ;isr.c: 46: PIR1bits.SSPIF=0;
   835  00010E  969E               	bcf	3998,3,c	;volatile
   836  000110  D000               	goto	i2l116
   837  000112                     i2l116:
   838  000112  C00E  FFF5         	movff	??_ISRHigh+13,tablat
   839  000116  C00D  FFF8         	movff	??_ISRHigh+12,tblptru
   840  00011A  C00C  FFF7         	movff	??_ISRHigh+11,tblptrh
   841  00011E  C00B  FFF6         	movff	??_ISRHigh+10,tblptrl
   842  000122  C00A  FFF4         	movff	??_ISRHigh+9,prodh
   843  000126  C009  FFF3         	movff	??_ISRHigh+8,prodl
   844  00012A  C008  FFDA         	movff	??_ISRHigh+7,fsr2h
   845  00012E  C007  FFD9         	movff	??_ISRHigh+6,fsr2l
   846  000132  C006  FFE2         	movff	??_ISRHigh+5,fsr1h
   847  000136  C005  FFE1         	movff	??_ISRHigh+4,fsr1l
   848  00013A  C004  FFEA         	movff	??_ISRHigh+3,fsr0h
   849  00013E  C003  FFE9         	movff	??_ISRHigh+2,fsr0l
   850  000142  C002  FFFB         	movff	??_ISRHigh+1,pclatu
   851  000146  C001  FFFA         	movff	??_ISRHigh,pclath
   852  00014A  0011               	retfie		f
   853  00014C                     __end_of_ISRHigh:
   854                           	opt stack 0
   855  0000                     pclatu	equ	0xFFB
   856                           pclath	equ	0xFFA
   857                           tblptru	equ	0xFF8
   858                           tblptrh	equ	0xFF7
   859                           tblptrl	equ	0xFF6
   860                           tablat	equ	0xFF5
   861                           prodh	equ	0xFF4
   862                           prodl	equ	0xFF3
   863                           intcon	equ	0xFF2
   864                           postinc0	equ	0xFEE
   865                           fsr0h	equ	0xFEA
   866                           fsr0l	equ	0xFE9
   867                           wreg	equ	0xFE8
   868                           postdec1	equ	0xFE5
   869                           fsr1h	equ	0xFE2
   870                           fsr1l	equ	0xFE1
   871                           bsr	equ	0xFE0
   872                           indf2	equ	0xFDF
   873                           fsr2h	equ	0xFDA
   874                           fsr2l	equ	0xFD9
   875                           status	equ	0xFD8
   876                           pclatu	equ	0xFFB
   877                           pclath	equ	0xFFA
   878                           tblptru	equ	0xFF8
   879                           tblptrh	equ	0xFF7
   880                           tblptrl	equ	0xFF6
   881                           tablat	equ	0xFF5
   882                           prodh	equ	0xFF4
   883                           prodl	equ	0xFF3
   884                           intcon	equ	0xFF2
   885                           postinc0	equ	0xFEE
   886                           fsr0h	equ	0xFEA
   887                           fsr0l	equ	0xFE9
   888                           wreg	equ	0xFE8
   889                           postdec1	equ	0xFE5
   890                           fsr1h	equ	0xFE2
   891                           fsr1l	equ	0xFE1
   892                           bsr	equ	0xFE0
   893                           indf2	equ	0xFDF
   894                           fsr2h	equ	0xFDA
   895                           fsr2l	equ	0xFD9
   896                           status	equ	0xFD8
   897                           
   898                           	psect	rparam
   899  0000                     pclatu	equ	0xFFB
   900                           pclath	equ	0xFFA
   901                           tblptru	equ	0xFF8
   902                           tblptrh	equ	0xFF7
   903                           tblptrl	equ	0xFF6
   904                           tablat	equ	0xFF5
   905                           prodh	equ	0xFF4
   906                           prodl	equ	0xFF3
   907                           intcon	equ	0xFF2
   908                           postinc0	equ	0xFEE
   909                           fsr0h	equ	0xFEA
   910                           fsr0l	equ	0xFE9
   911                           wreg	equ	0xFE8
   912                           postdec1	equ	0xFE5
   913                           fsr1h	equ	0xFE2
   914                           fsr1l	equ	0xFE1
   915                           bsr	equ	0xFE0
   916                           indf2	equ	0xFDF
   917                           fsr2h	equ	0xFDA
   918                           fsr2l	equ	0xFD9
   919                           status	equ	0xFD8


Data Sizes:
    Strings     0
    Constant    0
    Data        10
    BSS         12
    Persistent  0
    Stack       0

Auto Spaces:
    Space          Size  Autos    Used
    COMRAM           95     36      58
    BANK0           160      0       0
    BANK1           256      0       0
    BANK2           256      0       0

Pointer List with Targets:

    I2c_send_array@buffer	PTR unsigned char  size(2) Largest target is 10
		 -> buffer(COMRAM[10]), 


Critical Paths under _main in COMRAM

    _main->_I2C_Slave_config

Critical Paths under _ISRLow in COMRAM

    _ISRLow->_I2c_send_array

Critical Paths under _ISRHigh in COMRAM

    None.

Critical Paths under _main in BANK0

    None.

Critical Paths under _ISRLow in BANK0

    None.

Critical Paths under _ISRHigh in BANK0

    None.

Critical Paths under _main in BANK1

    None.

Critical Paths under _ISRLow in BANK1

    None.

Critical Paths under _ISRHigh in BANK1

    None.

Critical Paths under _main in BANK2

    None.

Critical Paths under _ISRLow in BANK2

    None.

Critical Paths under _ISRHigh in BANK2

    None.

Call Graph Tables:

 ---------------------------------------------------------------------------------
 (Depth) Function   	        Calls       Base Space   Used Autos Params    Refs
 ---------------------------------------------------------------------------------
 (0) _main                                                 0     0      0      15
                   _I2C_Slave_config
                         _SYSTEM_INT
 ---------------------------------------------------------------------------------
 (1) _SYSTEM_INT                                           0     0      0       0
 ---------------------------------------------------------------------------------
 (1) _I2C_Slave_config                                     2     2      0      15
                                             34 COMRAM     2     2      0
 ---------------------------------------------------------------------------------
 Estimated maximum stack depth 1
 ---------------------------------------------------------------------------------
 (Depth) Function   	        Calls       Base Space   Used Autos Params    Refs
 ---------------------------------------------------------------------------------
 (2) _ISRLow                                              18    18      0      75
                                             16 COMRAM    18    18      0
                     _I2c_read_char2
                     _I2c_send_array
 ---------------------------------------------------------------------------------
 (3) _I2c_send_array                                       2     0      2      75
                                             14 COMRAM     2     0      2
 ---------------------------------------------------------------------------------
 (3) _I2c_read_char2                                       0     0      0       0
 ---------------------------------------------------------------------------------
 Estimated maximum stack depth 3
 ---------------------------------------------------------------------------------
 (Depth) Function   	        Calls       Base Space   Used Autos Params    Refs
 ---------------------------------------------------------------------------------
 (4) _ISRHigh                                             14    14      0       0
                                              0 COMRAM    14    14      0
 ---------------------------------------------------------------------------------
 Estimated maximum stack depth 4
 ---------------------------------------------------------------------------------

 Call Graph Graphs:

 _main (ROOT)
   _I2C_Slave_config
   _SYSTEM_INT

 _ISRLow (ROOT)
   _I2c_read_char2
   _I2c_send_array

 _ISRHigh (ROOT)

 Address spaces:
Name               Size   Autos  Total    Cost      Usage
BIGRAM             2FF      0       0      10        0.0%
EEDATA             100      0       0       0        0.0%
BITBANK2           100      0       0       8        0.0%
BANK2              100      0       0       9        0.0%
BITBANK1           100      0       0       6        0.0%
BANK1              100      0       0       7        0.0%
BITBANK0            A0      0       0       4        0.0%
BANK0               A0      0       0       5        0.0%
BITCOMRAM           5F      0       0       0        0.0%
COMRAM              5F     24      3A       1       61.1%
BITSFR               0      0       0      40        0.0%
SFR                  0      0       0      40        0.0%
STACK                0      0       0       2        0.0%
NULL                 0      0       0       0        0.0%
ABS                  0      0      3A       3        0.0%
DATA                 0      0      3A      11        0.0%
CODE                 0      0       0       0        0.0%


Microchip Technology PIC18 Macro Assembler V1.34 build -361300703 
Symbol Table                                                                                   Tue Apr 26 17:45:09 2016

                  _SSPSTATbits 000FC7                             l48 0210                             bsr 000FE0  
                 __CFG_CP0$OFF 000000                   __CFG_CP1$OFF 000000                   __CFG_CPB$OFF 000000  
                 __CFG_CPD$OFF 000000                   __CFG_BORV$45 000000                            wreg 000FE8  
                   _SYSTEM_INT 017E                   __CFG_LVP$OFF 000000                           i1l76 0220  
                         i1l87 0200                __end_of_ISRHigh 014C                           _main 0208  
                         fsr0h 000FEA                           fsr1h 000FE2                           fsr0l 000FE9  
                         fsr2h 000FDA                           fsr1l 000FE1                           indf2 000FDF  
                         fsr2l 000FD9                           pclat 000FFA                           prodh 000FF4  
                         prodl 000FF3                           start 00D8                  __CFG_IESO$OFF 000000  
                __CFG_MCLRE$ON 000000                  __CFG_HPOL$LOW 000000                   ___param_bank 000010  
                __CFG_LPOL$LOW 000000                          ?_main 0001                 __CFG_DEBUG$OFF 000000  
                        i1l112 0092                          i2l116 0112                          i1l814 007E  
                        i1l816 008C                          i1l796 01E6                          _PORTA 000F80  
                        _PORTB 000F81                          _PORTC 000F82                          _PORTD 000F83  
                        _PORTE 000F84                          _TRISA 000F92                          _TRISB 000F93  
                        _TRISC 000F94                          _TRISD 000F95                          _TRISE 000F96  
                __CFG_WRT0$OFF 000000                  __CFG_WRT1$OFF 000000                 __CFG_EBTR0$OFF 000000  
               __CFG_FCMEN$OFF 000000                 __CFG_EBTR1$OFF 000000                  __CFG_WRTB$OFF 000000  
                __CFG_WRTC$OFF 000000                  __CFG_WRTD$OFF 000000                 __CFG_EBTRB$OFF 000000  
               __CFG_BOREN$OFF 000000                          tablat 000FF5                          status 000FD8  
     __end_of_I2C_Slave_config 01DC                __initialization 014C                   __end_of_main 0216  
             ??_I2c_read_char2 000F                 __CFG_OSC$HSPLL 000000                         ??_main 0025  
                __activetblptr 000000                    ?_SYSTEM_INT 0001                      ??_ISRHigh 0001  
                       _ANSEL0 000FB8                 __CFG_WDTEN$OFF 000000               ??_I2c_send_array 0011  
                       _ISRLow 0018                         _SSPADD 000FC8                         _SSPBUF 000FC9  
                       _Buffer 0030                 __CFG_PWRTEN$ON 000000                 __CFG_SSPMX$RD1 000000  
               __CFG_STVREN$ON 000000                         _buffer 0031                         clear_0 0152  
                 __pdataCOMRAM 0031                         tblptrh 000FF7                         tblptrl 000FF6  
                       tblptru 000FF8                     __accesstop 0060        __end_of__initialization 0178  
                ___rparam_used 000001                 __pcstackCOMRAM 0001            __size_of_SYSTEM_INT 0032  
I2C_Slave_config@I2c_slave_add 0024                        ?_ISRLow 0001                        i1u17_27 006A  
                      _ISRHigh 0008                __CFG_PWMPIN$OFF 000000                __size_of_ISRLow 00C0  
                      __Hparam 0000              ?_I2C_Slave_config 0001                        __Lparam 0000  
           ??_I2C_Slave_config 0023                        __pcinit 014C                        __ramtop 0300  
                      __ptext0 0208                        __ptext1 017E                        __ptext2 01B0  
                      __ptext4 01DC                        __ptext5 0216                   ??_SYSTEM_INT 0023  
               __pintcode_body 00DC           end_of_initialization 0178                        int_func 00DC  
                      postdec1 000FE5             __end_of_SYSTEM_INT 01B0                        postinc0 000FEE  
               __end_of_ISRLow 00D8               __CFG_T1OSCMX$OFF 000000                  __pidataCOMRAM 0222  
          start_initialization 014C        __size_of_I2c_read_char2 000C                       ??_ISRLow 0011  
      __size_of_I2c_send_array 002C                    __pbssCOMRAM 0025                       ?_ISRHigh 0001  
         I2c_send_array@buffer 000F                      __pintcode 0008                    __pintcodelo 0018  
    __size_of_I2C_Slave_config 002C                       _I2C_data 0025                       _LATBbits 000F8A  
                     _IPR1bits 000F9F                       _PIE1bits 000F9D                       _PIR1bits 000F9E  
                     _RCONbits 000FD0                     _ADCON1bits 000FC1                 _I2c_read_char2 0216  
             __size_of_ISRHigh 0144                      copy_data0 016C                       __Hrparam 0000  
                     __Lrparam 0000                 _I2c_send_array 01DC         __end_of_I2c_read_char2 0222  
                __size_of_main 000E         __end_of_I2c_send_array 0208               _I2C_Slave_config 01B0  
              ?_I2c_read_char2 0001                     _INTCONbits 000FF2                       intlevel1 0000  
                     intlevel2 0000                ?_I2c_send_array 000F       I2C_Slave_config@I2c_mode 0023  
                   _SSPCONbits 000FC6  
