

Microchip Technology PIC18 LITE Macro Assembler V1.34 build -361300703 
                                                                                               Tue Apr 19 15:42:54 2016

Microchip Technology Omniscient Code Generator (Lite mode) build 201502162209
     1                           	processor	18F4431
     2                           	fnconf	rparam,??,?,0
     3                           	opt	pw 120
     4                           	opt	lm
     5                           	psect	idataCOMRAM,global,class=CODE,delta=1
     6                           	psect	cinit,global,reloc=2,class=CODE,delta=1
     7                           	psect	bssCOMRAM,global,class=COMRAM,space=1,delta=1
     8                           	psect	dataCOMRAM,global,class=COMRAM,space=1,delta=1
     9                           	psect	cstackCOMRAM,global,class=COMRAM,space=1,delta=1
    10                           	psect	text0,global,reloc=2,class=CODE,delta=1
    11                           	psect	text1,global,reloc=2,class=CODE,delta=1
    12                           	psect	text2,global,reloc=2,class=CODE,delta=1
    13                           	psect	text3,global,reloc=2,class=CODE,delta=1
    14                           	psect	text4,global,reloc=2,class=CODE,delta=1
    15                           	psect	text5,global,reloc=2,class=CODE,delta=1
    16                           	psect	intcodelo,global,reloc=2,class=CODE,delta=1
    17                           	psect	intcode,global,reloc=2,class=CODE,delta=1
    18                           	psect	intcode_body,global,reloc=2,class=CODE,delta=1
    19                           	psect	text8,global,reloc=2,class=CODE,delta=1
    20                           	psect	intsave_regs,global,class=BIGRAM,space=1,delta=1
    21                           	psect	rparam,global,class=COMRAM,space=1,delta=1
    22  0000                     
    23                           	psect	idataCOMRAM
    24  000214                     __pidataCOMRAM:
    25                           	opt stack 0
    26                           
    27                           ;initializer for _adc_reading
    28  000214  000F               	dw	15
    29                           
    30                           ;initializer for _config1
    31  000216  20                 	db	32
    32                           
    33                           ;initializer for _config3
    34  000217  B2                 	db	178
    35                           
    36                           ;initializer for _config4
    37  000218  02                 	db	2
    38  0000                     _TMR5	set	3975
    39  0000                     _ADCHS	set	3993
    40  0000                     _ADCON3	set	3994
    41  0000                     _DTCON	set	3949
    42  0000                     _DTCONbits	set	3949
    43  0000                     _LATBbits	set	3978
    44  0000                     _OVDCOND	set	3947
    45  0000                     _OVDCONS	set	3946
    46  0000                     _PDC0H	set	3960
    47  0000                     _PDC0L	set	3961
    48  0000                     _PDC1H	set	3958
    49  0000                     _PDC1L	set	3959
    50  0000                     _PDC2H	set	3956
    51  0000                     _PDC2L	set	3957
    52  0000                     _PDC3H	set	3954
    53  0000                     _PDC3L	set	3955
    54  0000                     _PORTA	set	3968
    55  0000                     _PORTB	set	3969
    56  0000                     _PORTC	set	3970
    57  0000                     _PORTD	set	3971
    58  0000                     _PORTE	set	3972
    59  0000                     _PTCON0bits	set	3967
    60  0000                     _PTCON1bits	set	3966
    61  0000                     _PTPERH	set	3962
    62  0000                     _PTPERL	set	3963
    63  0000                     _PWMCON0bits	set	3951
    64  0000                     _PWMCON1bits	set	3950
    65  0000                     _TRISA	set	3986
    66  0000                     _TRISB	set	3987
    67  0000                     _TRISC	set	3988
    68  0000                     _TRISD	set	3989
    69  0000                     _TRISE	set	3990
    70  0000                     _ADRES	set	4035
    71  0000                     _ADCON0	set	4034
    72  0000                     _ADCON0bits	set	4034
    73  0000                     _ADCON1	set	4033
    74  0000                     _ADCON1bits	set	4033
    75  0000                     _ADCON2	set	4032
    76  0000                     _BAUDCTLbits	set	4010
    77  0000                     _IPR1bits	set	3999
    78  0000                     _IPR3bits	set	4005
    79  0000                     _PIE1bits	set	3997
    80  0000                     _PIE3bits	set	4003
    81  0000                     _PIR1bits	set	3998
    82  0000                     _PIR3bits	set	4004
    83  0000                     _RCREG	set	4014
    84  0000                     _RCSTAbits	set	4011
    85  0000                     _SPBRG	set	4015
    86  0000                     _SPBRGH	set	4016
    87  0000                     _T5CONbits	set	4023
    88  0000                     _TXREG	set	4013
    89  0000                     _TXSTAbits	set	4012
    90  0000                     _INTCONbits	set	4082
    91                           
    92                           ; #config settings
    93  0000                     
    94                           	psect	cinit
    95  000166                     __pcinit:
    96                           	opt stack 0
    97  000166                     start_initialization:
    98                           	opt stack 0
    99  000166                     __initialization:
   100                           	opt stack 0
   101                           
   102                           ; Clear objects allocated to COMRAM (3 bytes)
   103  000166  6A29               	clrf	(__pbssCOMRAM+2)& (0+255),c
   104  000168  6A28               	clrf	(__pbssCOMRAM+1)& (0+255),c
   105  00016A  6A27               	clrf	__pbssCOMRAM& (0+255),c
   106                           
   107                           ; Initialize objects allocated to COMRAM (5 bytes)
   108                           ; load TBLPTR registers with __pidataCOMRAM
   109  00016C  0E14               	movlw	low __pidataCOMRAM
   110  00016E  6EF6               	movwf	tblptrl,c
   111  000170  0E02               	movlw	high __pidataCOMRAM
   112  000172  6EF7               	movwf	tblptrh,c
   113  000174  0E00               	movlw	low (__pidataCOMRAM shr (0+16))
   114  000176  6EF8               	movwf	tblptru,c
   115  000178  EE00  F022         	lfsr	0,__pdataCOMRAM
   116  00017C  EE10 F005          	lfsr	1,5
   117  000180                     copy_data0:
   118  000180  0009               	tblrd		*+
   119  000182  CFF5 FFEE          	movff	tablat,postinc0
   120  000186  50E5               	movf	postdec1,w,c
   121  000188  50E1               	movf	fsr1l,w,c
   122  00018A  E1FA               	bnz	copy_data0
   123  00018C                     end_of_initialization:
   124                           	opt stack 0
   125  00018C                     __end_of__initialization:
   126                           	opt stack 0
   127  00018C  0100               	movlb	0
   128  00018E  EF95  F000         	goto	_main	;jump to C main() function
   129                           tblptru	equ	0xFF8
   130                           tblptrh	equ	0xFF7
   131                           tblptrl	equ	0xFF6
   132                           tablat	equ	0xFF5
   133                           postinc0	equ	0xFEE
   134                           postdec1	equ	0xFE5
   135                           fsr1l	equ	0xFE1
   136                           
   137                           	psect	bssCOMRAM
   138  000027                     __pbssCOMRAM:
   139                           	opt stack 0
   140  000027                     _Buffer:
   141                           	opt stack 0
   142  000027                     	ds	2
   143  000029                     _config2:
   144                           	opt stack 0
   145  000029                     	ds	1
   146                           tblptru	equ	0xFF8
   147                           tblptrh	equ	0xFF7
   148                           tblptrl	equ	0xFF6
   149                           tablat	equ	0xFF5
   150                           postinc0	equ	0xFEE
   151                           postdec1	equ	0xFE5
   152                           fsr1l	equ	0xFE1
   153                           
   154                           	psect	dataCOMRAM
   155  000022                     __pdataCOMRAM:
   156                           	opt stack 0
   157  000022                     _adc_reading:
   158                           	opt stack 0
   159  000022                     	ds	2
   160  000024                     _config1:
   161                           	opt stack 0
   162  000024                     	ds	1
   163  000025                     _config3:
   164                           	opt stack 0
   165  000025                     	ds	1
   166  000026                     _config4:
   167                           	opt stack 0
   168  000026                     	ds	1
   169                           tblptru	equ	0xFF8
   170                           tblptrh	equ	0xFF7
   171                           tblptrl	equ	0xFF6
   172                           tablat	equ	0xFF5
   173                           postinc0	equ	0xFEE
   174                           postdec1	equ	0xFE5
   175                           fsr1l	equ	0xFE1
   176                           
   177                           	psect	cstackCOMRAM
   178  000001                     __pcstackCOMRAM:
   179                           	opt stack 0
   180  000001                     ??_high_isr:
   181                           
   182                           ; 0 bytes @ 0x0
   183  000001                     	ds	14
   184  00000F                     ??_low_isr:
   185                           
   186                           ; 0 bytes @ 0xE
   187  00000F                     	ds	17
   188  000020                     uart_initialize@dummy:
   189                           	opt stack 0
   190  000020                     Timer5_Start@PR_value:
   191                           	opt stack 0
   192                           
   193                           ; 2 bytes @ 0x1F
   194  000020                     	ds	2
   195  000022                     tblptru	equ	0xFF8
   196                           tblptrh	equ	0xFF7
   197                           tblptrl	equ	0xFF6
   198                           tablat	equ	0xFF5
   199                           postinc0	equ	0xFEE
   200                           postdec1	equ	0xFE5
   201                           fsr1l	equ	0xFE1
   202                           
   203                           ; 0 bytes @ 0x21
   204 ;;
   205 ;;Main: autosize = 0, tempsize = 0, incstack = 0, save=0
   206 ;;
   207 ;; *************** function _main *****************
   208 ;; Defined at:
   209 ;;		line 89 in file "main.c"
   210 ;; Parameters:    Size  Location     Type
   211 ;;		None
   212 ;; Auto vars:     Size  Location     Type
   213 ;;		None
   214 ;; Return value:  Size  Location     Type
   215 ;;		None               void
   216 ;; Registers used:
   217 ;;		wreg, status,2, cstack
   218 ;; Tracked objects:
   219 ;;		On entry : 0/0
   220 ;;		On exit  : 0/0
   221 ;;		Unchanged: 0/0
   222 ;; Data sizes:     COMRAM   BANK0   BANK1   BANK2
   223 ;;      Params:         0       0       0       0
   224 ;;      Locals:         0       0       0       0
   225 ;;      Temps:          0       0       0       0
   226 ;;      Totals:         0       0       0       0
   227 ;;Total ram usage:        0 bytes
   228 ;; Hardware stack levels required when called:    4
   229 ;; This function calls:
   230 ;;		_CloseADC
   231 ;;		_SYSTEM_INT
   232 ;;		_Timer5_Int
   233 ;;		_Timer5_Start
   234 ;;		_uart_initialize
   235 ;; This function is called by:
   236 ;;		Startup code after reset
   237 ;; This function uses a non-reentrant model
   238 ;;
   239                           
   240                           	psect	text0
   241  00012A                     __ptext0:
   242                           	opt stack 0
   243  00012A                     _main:
   244                           	opt stack 27
   245                           
   246                           ;main.c: 90: SYSTEM_INT();
   247                           
   248                           ;incstack = 0
   249  00012A  ECC9  F000         	call	_SYSTEM_INT	;wreg free
   250                           
   251                           ;main.c: 91: uart_initialize();
   252  00012E  ECDE  F000         	call	_uart_initialize	;wreg free
   253                           
   254                           ;main.c: 93: CloseADC();
   255  000132  EC07  F001         	call	_CloseADC	;wreg free
   256                           
   257                           ;main.c: 94: ADCON0 = config1;
   258  000136  C024  FFC2         	movff	_config1,4034	;volatile
   259                           
   260                           ;main.c: 95: ADCON1 = config2;
   261  00013A  C029  FFC1         	movff	_config2,4033	;volatile
   262                           
   263                           ;main.c: 96: ADCON2 = config3;
   264  00013E  C025  FFC0         	movff	_config3,4032	;volatile
   265                           
   266                           ;main.c: 97: ADCON3 = config4;
   267  000142  C026  FF9A         	movff	_config4,3994	;volatile
   268                           
   269                           ;main.c: 98: ADCHS = 0b00000000;
   270  000146  0E00               	movlw	0
   271  000148  6E99               	movwf	3993,c	;volatile
   272                           
   273                           ;main.c: 99: ADCON0bits.ADON=1;
   274  00014A  80C2               	bsf	4034,0,c	;volatile
   275                           
   276                           ;main.c: 101: IPR1bits.ADIP =0;
   277  00014C  9C9F               	bcf	3999,6,c	;volatile
   278                           
   279                           ;main.c: 102: PIE1bits.ADIE =0;
   280  00014E  9C9D               	bcf	3997,6,c	;volatile
   281                           
   282                           ;main.c: 105: Timer5_Int();
   283  000150  ECFA  F000         	call	_Timer5_Int	;wreg free
   284                           
   285                           ;main.c: 106: Timer5_Start(500000);
   286  000154  0EA1               	movlw	161
   287  000156  6E21               	movwf	Timer5_Start@PR_value+1,c
   288  000158  0E20               	movlw	32
   289  00015A  6E20               	movwf	Timer5_Start@PR_value,c
   290  00015C  ECF0  F000         	call	_Timer5_Start	;wreg free
   291  000160  D7FF               	goto	l122
   292                           
   293                           ;main.c: 118: }
   294                           ;main.c: 119: return;
   295  000162  EF51  F000         	goto	start
   296  000166                     __end_of_main:
   297                           	opt stack 0
   298                           tblptru	equ	0xFF8
   299                           tblptrh	equ	0xFF7
   300                           tblptrl	equ	0xFF6
   301                           tablat	equ	0xFF5
   302                           postinc0	equ	0xFEE
   303                           postdec1	equ	0xFE5
   304                           fsr1l	equ	0xFE1
   305                           
   306 ;; *************** function _uart_initialize *****************
   307 ;; Defined at:
   308 ;;		line 150 in file "main.c"
   309 ;; Parameters:    Size  Location     Type
   310 ;;		None
   311 ;; Auto vars:     Size  Location     Type
   312 ;;  dummy           1   31[COMRAM] unsigned char 
   313 ;; Return value:  Size  Location     Type
   314 ;;		None               void
   315 ;; Registers used:
   316 ;;		wreg, status,2
   317 ;; Tracked objects:
   318 ;;		On entry : 0/0
   319 ;;		On exit  : 0/0
   320 ;;		Unchanged: 0/0
   321 ;; Data sizes:     COMRAM   BANK0   BANK1   BANK2
   322 ;;      Params:         0       0       0       0
   323 ;;      Locals:         1       0       0       0
   324 ;;      Temps:          0       0       0       0
   325 ;;      Totals:         1       0       0       0
   326 ;;Total ram usage:        1 bytes
   327 ;; Hardware stack levels used:    1
   328 ;; Hardware stack levels required when called:    3
   329 ;; This function calls:
   330 ;;		Nothing
   331 ;; This function is called by:
   332 ;;		_main
   333 ;; This function uses a non-reentrant model
   334 ;;
   335                           
   336                           	psect	text1
   337  0001BC                     __ptext1:
   338                           	opt stack 0
   339  0001BC                     _uart_initialize:
   340                           	opt stack 27
   341                           
   342                           ;main.c: 152: unsigned char dummy = 0;
   343                           
   344                           ;incstack = 0
   345  0001BC  0E00               	movlw	0
   346  0001BE  6E20               	movwf	uart_initialize@dummy,c
   347                           
   348                           ;main.c: 153: TXSTAbits.TX9 =0;
   349  0001C0  9CAC               	bcf	4012,6,c	;volatile
   350                           
   351                           ;main.c: 155: TXSTAbits.BRGH = 0;
   352  0001C2  94AC               	bcf	4012,2,c	;volatile
   353                           
   354                           ;main.c: 156: BAUDCTLbits.BRG16 = 1;
   355  0001C4  86AA               	bsf	4010,3,c	;volatile
   356                           
   357                           ;main.c: 157: SPBRGH = ( (40000000 / 16 / 9600) - 1 ) /256;
   358  0001C6  0E01               	movlw	1
   359  0001C8  6EB0               	movwf	4016,c	;volatile
   360                           
   361                           ;main.c: 158: SPBRG = ((40000000 / 16 / 9600) - 1)%256 ;
   362  0001CA  0E03               	movlw	3
   363  0001CC  6EAF               	movwf	4015,c	;volatile
   364                           
   365                           ;main.c: 159: TXSTAbits.SYNC = 0;
   366  0001CE  98AC               	bcf	4012,4,c	;volatile
   367                           
   368                           ;main.c: 160: RCSTAbits.SPEN = 1;
   369  0001D0  8EAB               	bsf	4011,7,c	;volatile
   370                           
   371                           ;main.c: 161: RCSTAbits.CREN = 1;
   372  0001D2  88AB               	bsf	4011,4,c	;volatile
   373                           
   374                           ;main.c: 162: TXSTAbits.TXEN = 1;
   375  0001D4  8AAC               	bsf	4012,5,c	;volatile
   376                           
   377                           ;main.c: 163: dummy = RCREG;
   378  0001D6  CFAE F020          	movff	4014,uart_initialize@dummy	;volatile
   379                           
   380                           ;main.c: 164: dummy = RCREG;
   381  0001DA  CFAE F020          	movff	4014,uart_initialize@dummy	;volatile
   382  0001DE  0012               	return		;funcret
   383  0001E0                     __end_of_uart_initialize:
   384                           	opt stack 0
   385                           tblptru	equ	0xFF8
   386                           tblptrh	equ	0xFF7
   387                           tblptrl	equ	0xFF6
   388                           tablat	equ	0xFF5
   389                           postinc0	equ	0xFEE
   390                           postdec1	equ	0xFE5
   391                           fsr1l	equ	0xFE1
   392                           
   393 ;; *************** function _Timer5_Start *****************
   394 ;; Defined at:
   395 ;;		line 188 in file "main.c"
   396 ;; Parameters:    Size  Location     Type
   397 ;;  PR_value        2   31[COMRAM] unsigned short 
   398 ;; Auto vars:     Size  Location     Type
   399 ;;		None
   400 ;; Return value:  Size  Location     Type
   401 ;;		None               void
   402 ;; Registers used:
   403 ;;		None
   404 ;; Tracked objects:
   405 ;;		On entry : 0/0
   406 ;;		On exit  : 0/0
   407 ;;		Unchanged: 0/0
   408 ;; Data sizes:     COMRAM   BANK0   BANK1   BANK2
   409 ;;      Params:         2       0       0       0
   410 ;;      Locals:         0       0       0       0
   411 ;;      Temps:          0       0       0       0
   412 ;;      Totals:         2       0       0       0
   413 ;;Total ram usage:        2 bytes
   414 ;; Hardware stack levels used:    1
   415 ;; Hardware stack levels required when called:    3
   416 ;; This function calls:
   417 ;;		Nothing
   418 ;; This function is called by:
   419 ;;		_main
   420 ;; This function uses a non-reentrant model
   421 ;;
   422                           
   423                           	psect	text2
   424  0001E0                     __ptext2:
   425                           	opt stack 0
   426  0001E0                     _Timer5_Start:
   427                           	opt stack 27
   428                           
   429                           ;main.c: 190: INTCONbits.GIEH =1;
   430                           
   431                           ;incstack = 0
   432  0001E0  8EF2               	bsf	intcon,7,c	;volatile
   433                           
   434                           ;main.c: 191: INTCONbits.PEIE =1;
   435  0001E2  8CF2               	bsf	intcon,6,c	;volatile
   436                           
   437                           ;main.c: 192: IPR3bits.TMR5IP =0;
   438  0001E4  90A5               	bcf	4005,0,c	;volatile
   439                           
   440                           ;main.c: 193: PIE3bits.TMR5IE =1;
   441  0001E6  80A3               	bsf	4003,0,c	;volatile
   442                           
   443                           ;main.c: 195: TMR5 = PR_value;
   444  0001E8  C020  FF87         	movff	Timer5_Start@PR_value,3975	;volatile
   445  0001EC  C021  FF88         	movff	Timer5_Start@PR_value+1,3976	;volatile
   446                           
   447                           ;main.c: 197: T5CONbits.TMR5ON =1;
   448  0001F0  80B7               	bsf	4023,0,c	;volatile
   449  0001F2  0012               	return		;funcret
   450  0001F4                     __end_of_Timer5_Start:
   451                           	opt stack 0
   452                           tblptru	equ	0xFF8
   453                           tblptrh	equ	0xFF7
   454                           tblptrl	equ	0xFF6
   455                           tablat	equ	0xFF5
   456                           intcon	equ	0xFF2
   457                           postinc0	equ	0xFEE
   458                           postdec1	equ	0xFE5
   459                           fsr1l	equ	0xFE1
   460                           
   461 ;; *************** function _Timer5_Int *****************
   462 ;; Defined at:
   463 ;;		line 176 in file "main.c"
   464 ;; Parameters:    Size  Location     Type
   465 ;;		None
   466 ;; Auto vars:     Size  Location     Type
   467 ;;		None
   468 ;; Return value:  Size  Location     Type
   469 ;;		None               void
   470 ;; Registers used:
   471 ;;		wreg, status,2
   472 ;; Tracked objects:
   473 ;;		On entry : 0/0
   474 ;;		On exit  : 0/0
   475 ;;		Unchanged: 0/0
   476 ;; Data sizes:     COMRAM   BANK0   BANK1   BANK2
   477 ;;      Params:         0       0       0       0
   478 ;;      Locals:         0       0       0       0
   479 ;;      Temps:          0       0       0       0
   480 ;;      Totals:         0       0       0       0
   481 ;;Total ram usage:        0 bytes
   482 ;; Hardware stack levels used:    1
   483 ;; Hardware stack levels required when called:    3
   484 ;; This function calls:
   485 ;;		Nothing
   486 ;; This function is called by:
   487 ;;		_main
   488 ;; This function uses a non-reentrant model
   489 ;;
   490                           
   491                           	psect	text3
   492  0001F4                     __ptext3:
   493                           	opt stack 0
   494  0001F4                     _Timer5_Int:
   495                           	opt stack 27
   496                           
   497                           ;main.c: 178: T5CONbits.T5SEN = 0;
   498                           
   499                           ;incstack = 0
   500  0001F4  9EB7               	bcf	4023,7,c	;volatile
   501                           
   502                           ;main.c: 179: T5CONbits.RESEN = 0;
   503  0001F6  9CB7               	bcf	4023,6,c	;volatile
   504                           
   505                           ;main.c: 180: T5CONbits.T5MOD = 0;
   506  0001F8  9AB7               	bcf	4023,5,c	;volatile
   507                           
   508                           ;main.c: 181: T5CONbits.T5PS = 0b00;
   509  0001FA  0EE7               	movlw	-25
   510  0001FC  16B7               	andwf	4023,f,c	;volatile
   511                           
   512                           ;main.c: 183: T5CONbits.TMR5CS = 0;
   513  0001FE  92B7               	bcf	4023,1,c	;volatile
   514                           
   515                           ;main.c: 184: T5CONbits.T5SYNC = 0;
   516  000200  94B7               	bcf	4023,2,c	;volatile
   517  000202  0012               	return		;funcret
   518  000204                     __end_of_Timer5_Int:
   519                           	opt stack 0
   520                           tblptru	equ	0xFF8
   521                           tblptrh	equ	0xFF7
   522                           tblptrl	equ	0xFF6
   523                           tablat	equ	0xFF5
   524                           intcon	equ	0xFF2
   525                           postinc0	equ	0xFEE
   526                           postdec1	equ	0xFE5
   527                           fsr1l	equ	0xFE1
   528                           
   529 ;; *************** function _SYSTEM_INT *****************
   530 ;; Defined at:
   531 ;;		line 122 in file "main.c"
   532 ;; Parameters:    Size  Location     Type
   533 ;;		None
   534 ;; Auto vars:     Size  Location     Type
   535 ;;		None
   536 ;; Return value:  Size  Location     Type
   537 ;;		None               void
   538 ;; Registers used:
   539 ;;		wreg, status,2
   540 ;; Tracked objects:
   541 ;;		On entry : 0/0
   542 ;;		On exit  : 0/0
   543 ;;		Unchanged: 0/0
   544 ;; Data sizes:     COMRAM   BANK0   BANK1   BANK2
   545 ;;      Params:         0       0       0       0
   546 ;;      Locals:         0       0       0       0
   547 ;;      Temps:          0       0       0       0
   548 ;;      Totals:         0       0       0       0
   549 ;;Total ram usage:        0 bytes
   550 ;; Hardware stack levels used:    1
   551 ;; Hardware stack levels required when called:    3
   552 ;; This function calls:
   553 ;;		Nothing
   554 ;; This function is called by:
   555 ;;		_main
   556 ;; This function uses a non-reentrant model
   557 ;;
   558                           
   559                           	psect	text4
   560  000192                     __ptext4:
   561                           	opt stack 0
   562  000192                     _SYSTEM_INT:
   563                           	opt stack 27
   564                           
   565                           ;main.c: 135: PORTA = 0;
   566                           
   567                           ;incstack = 0
   568  000192  0E00               	movlw	0
   569  000194  6E80               	movwf	3968,c	;volatile
   570                           
   571                           ;main.c: 136: PORTB = 0;
   572  000196  0E00               	movlw	0
   573  000198  6E81               	movwf	3969,c	;volatile
   574                           
   575                           ;main.c: 137: PORTC = 0;
   576  00019A  0E00               	movlw	0
   577  00019C  6E82               	movwf	3970,c	;volatile
   578                           
   579                           ;main.c: 138: PORTD = 0;
   580  00019E  0E00               	movlw	0
   581  0001A0  6E83               	movwf	3971,c	;volatile
   582                           
   583                           ;main.c: 139: PORTE = 0;
   584  0001A2  0E00               	movlw	0
   585  0001A4  6E84               	movwf	3972,c	;volatile
   586                           
   587                           ;main.c: 141: TRISA = 0b00111111;
   588  0001A6  0E3F               	movlw	63
   589  0001A8  6E92               	movwf	3986,c	;volatile
   590                           
   591                           ;main.c: 142: TRISB = 0b00000000;
   592  0001AA  0E00               	movlw	0
   593  0001AC  6E93               	movwf	3987,c	;volatile
   594                           
   595                           ;main.c: 143: TRISC = 0b11110011;
   596  0001AE  0EF3               	movlw	243
   597  0001B0  6E94               	movwf	3988,c	;volatile
   598                           
   599                           ;main.c: 144: TRISD = 0b00001100;
   600  0001B2  0E0C               	movlw	12
   601  0001B4  6E95               	movwf	3989,c	;volatile
   602                           
   603                           ;main.c: 145: TRISE = 0;
   604  0001B6  0E00               	movlw	0
   605  0001B8  6E96               	movwf	3990,c	;volatile
   606  0001BA  0012               	return		;funcret
   607  0001BC                     __end_of_SYSTEM_INT:
   608                           	opt stack 0
   609                           tblptru	equ	0xFF8
   610                           tblptrh	equ	0xFF7
   611                           tblptrl	equ	0xFF6
   612                           tablat	equ	0xFF5
   613                           intcon	equ	0xFF2
   614                           postinc0	equ	0xFEE
   615                           postdec1	equ	0xFE5
   616                           fsr1l	equ	0xFE1
   617                           
   618 ;; *************** function _CloseADC *****************
   619 ;; Defined at:
   620 ;;		line 23 in file "C:\Program Files (x86)\Microchip\xc8\v1.34\sources\pic18\plib\ADC\adcclose.c"
   621 ;; Parameters:    Size  Location     Type
   622 ;;		None
   623 ;; Auto vars:     Size  Location     Type
   624 ;;		None
   625 ;; Return value:  Size  Location     Type
   626 ;;		None               void
   627 ;; Registers used:
   628 ;;		None
   629 ;; Tracked objects:
   630 ;;		On entry : 0/0
   631 ;;		On exit  : 0/0
   632 ;;		Unchanged: 0/0
   633 ;; Data sizes:     COMRAM   BANK0   BANK1   BANK2
   634 ;;      Params:         0       0       0       0
   635 ;;      Locals:         0       0       0       0
   636 ;;      Temps:          0       0       0       0
   637 ;;      Totals:         0       0       0       0
   638 ;;Total ram usage:        0 bytes
   639 ;; Hardware stack levels used:    1
   640 ;; Hardware stack levels required when called:    3
   641 ;; This function calls:
   642 ;;		Nothing
   643 ;; This function is called by:
   644 ;;		_main
   645 ;; This function uses a non-reentrant model
   646 ;;
   647                           
   648                           	psect	text5
   649  00020E                     __ptext5:
   650                           	opt stack 0
   651  00020E                     _CloseADC:
   652                           	opt stack 27
   653                           
   654                           ;incstack = 0
   655  00020E  90C2               	bcf	4034,0,c	;volatile
   656  000210  9C9D               	bcf	3997,6,c	;volatile
   657  000212  0012               	return		;funcret
   658  000214                     __end_of_CloseADC:
   659                           	opt stack 0
   660                           tblptru	equ	0xFF8
   661                           tblptrh	equ	0xFF7
   662                           tblptrl	equ	0xFF6
   663                           tablat	equ	0xFF5
   664                           intcon	equ	0xFF2
   665                           postinc0	equ	0xFEE
   666                           postdec1	equ	0xFE5
   667                           fsr1l	equ	0xFE1
   668                           
   669 ;; *************** function _low_isr *****************
   670 ;; Defined at:
   671 ;;		line 9 in file "isr.c"
   672 ;; Parameters:    Size  Location     Type
   673 ;;		None
   674 ;; Auto vars:     Size  Location     Type
   675 ;;		None
   676 ;; Return value:  Size  Location     Type
   677 ;;		None               void
   678 ;; Registers used:
   679 ;;		None
   680 ;; Tracked objects:
   681 ;;		On entry : 0/0
   682 ;;		On exit  : 0/0
   683 ;;		Unchanged: 0/0
   684 ;; Data sizes:     COMRAM   BANK0   BANK1   BANK2
   685 ;;      Params:         0       0       0       0
   686 ;;      Locals:         0       0       0       0
   687 ;;      Temps:         17       0       0       0
   688 ;;      Totals:        17       0       0       0
   689 ;;Total ram usage:       17 bytes
   690 ;; Hardware stack levels used:    1
   691 ;; Hardware stack levels required when called:    2
   692 ;; This function calls:
   693 ;;		Nothing
   694 ;; This function is called by:
   695 ;;		Interrupt level 1
   696 ;; This function uses a non-reentrant model
   697 ;;
   698                           
   699                           	psect	intcodelo
   700  000018                     __pintcodelo:
   701                           	opt stack 0
   702  000018                     _low_isr:
   703                           	opt stack 27
   704                           
   705                           ;incstack = 0
   706  000018  CFD8 F00F          	movff	status,??_low_isr
   707  00001C  CFE8 F010          	movff	wreg,??_low_isr+1
   708  000020  CFE0 F011          	movff	bsr,??_low_isr+2
   709  000024  CFFA F012          	movff	pclath,??_low_isr+3
   710  000028  CFFB F013          	movff	pclatu,??_low_isr+4
   711  00002C  CFE9 F014          	movff	fsr0l,??_low_isr+5
   712  000030  CFEA F015          	movff	fsr0h,??_low_isr+6
   713  000034  CFE1 F016          	movff	fsr1l,??_low_isr+7
   714  000038  CFE2 F017          	movff	fsr1h,??_low_isr+8
   715  00003C  CFD9 F018          	movff	fsr2l,??_low_isr+9
   716  000040  CFDA F019          	movff	fsr2h,??_low_isr+10
   717  000044  CFF3 F01A          	movff	prodl,??_low_isr+11
   718  000048  CFF4 F01B          	movff	prodh,??_low_isr+12
   719  00004C  CFF6 F01C          	movff	tblptrl,??_low_isr+13
   720  000050  CFF7 F01D          	movff	tblptrh,??_low_isr+14
   721  000054  CFF8 F01E          	movff	tblptru,??_low_isr+15
   722  000058  CFF5 F01F          	movff	tablat,??_low_isr+16
   723  00005C  C01F  FFF5         	movff	??_low_isr+16,tablat
   724  000060  C01E  FFF8         	movff	??_low_isr+15,tblptru
   725  000064  C01D  FFF7         	movff	??_low_isr+14,tblptrh
   726  000068  C01C  FFF6         	movff	??_low_isr+13,tblptrl
   727  00006C  C01B  FFF4         	movff	??_low_isr+12,prodh
   728  000070  C01A  FFF3         	movff	??_low_isr+11,prodl
   729  000074  C019  FFDA         	movff	??_low_isr+10,fsr2h
   730  000078  C018  FFD9         	movff	??_low_isr+9,fsr2l
   731  00007C  C017  FFE2         	movff	??_low_isr+8,fsr1h
   732  000080  C016  FFE1         	movff	??_low_isr+7,fsr1l
   733  000084  C015  FFEA         	movff	??_low_isr+6,fsr0h
   734  000088  C014  FFE9         	movff	??_low_isr+5,fsr0l
   735  00008C  C013  FFFB         	movff	??_low_isr+4,pclatu
   736  000090  C012  FFFA         	movff	??_low_isr+3,pclath
   737  000094  C011  FFE0         	movff	??_low_isr+2,bsr
   738  000098  C010  FFE8         	movff	??_low_isr+1,wreg
   739  00009C  C00F  FFD8         	movff	??_low_isr,status
   740  0000A0  0010               	retfie	
   741  0000A2                     __end_of_low_isr:
   742                           	opt stack 0
   743                           pclatu	equ	0xFFB
   744                           pclath	equ	0xFFA
   745                           tblptru	equ	0xFF8
   746                           tblptrh	equ	0xFF7
   747                           tblptrl	equ	0xFF6
   748                           tablat	equ	0xFF5
   749                           prodh	equ	0xFF4
   750                           prodl	equ	0xFF3
   751                           intcon	equ	0xFF2
   752                           postinc0	equ	0xFEE
   753                           fsr0h	equ	0xFEA
   754                           fsr0l	equ	0xFE9
   755                           wreg	equ	0xFE8
   756                           postdec1	equ	0xFE5
   757                           fsr1h	equ	0xFE2
   758                           fsr1l	equ	0xFE1
   759                           bsr	equ	0xFE0
   760                           fsr2h	equ	0xFDA
   761                           fsr2l	equ	0xFD9
   762                           status	equ	0xFD8
   763                           
   764 ;; *************** function _high_isr *****************
   765 ;; Defined at:
   766 ;;		line 18 in file "isr.c"
   767 ;; Parameters:    Size  Location     Type
   768 ;;		None
   769 ;; Auto vars:     Size  Location     Type
   770 ;;		None
   771 ;; Return value:  Size  Location     Type
   772 ;;		None               void
   773 ;; Registers used:
   774 ;;		cstack
   775 ;; Tracked objects:
   776 ;;		On entry : 0/0
   777 ;;		On exit  : 0/0
   778 ;;		Unchanged: 0/0
   779 ;; Data sizes:     COMRAM   BANK0   BANK1   BANK2
   780 ;;      Params:         0       0       0       0
   781 ;;      Locals:         0       0       0       0
   782 ;;      Temps:         14       0       0       0
   783 ;;      Totals:        14       0       0       0
   784 ;;Total ram usage:       14 bytes
   785 ;; Hardware stack levels used:    1
   786 ;; Hardware stack levels required when called:    1
   787 ;; This function calls:
   788 ;;		_adc_get
   789 ;; This function is called by:
   790 ;;		Interrupt level 2
   791 ;; This function uses a non-reentrant model
   792 ;;
   793                           
   794                           	psect	intcode
   795  000008                     __pintcode:
   796                           	opt stack 0
   797  000008                     _high_isr:
   798                           	opt stack 27
   799                           
   800                           ;incstack = 0
   801  000008  CFFA F001          	movff	pclath,??_high_isr
   802  00000C  CFFB F002          	movff	pclatu,??_high_isr+1
   803  000010  CFE9 F003          	movff	fsr0l,??_high_isr+2
   804  000014  EF53  F000         	goto	int_func
   805                           pclatu	equ	0xFFB
   806                           pclath	equ	0xFFA
   807                           tblptru	equ	0xFF8
   808                           tblptrh	equ	0xFF7
   809                           tblptrl	equ	0xFF6
   810                           tablat	equ	0xFF5
   811                           prodh	equ	0xFF4
   812                           prodl	equ	0xFF3
   813                           intcon	equ	0xFF2
   814                           postinc0	equ	0xFEE
   815                           fsr0h	equ	0xFEA
   816                           fsr0l	equ	0xFE9
   817                           wreg	equ	0xFE8
   818                           postdec1	equ	0xFE5
   819                           fsr1h	equ	0xFE2
   820                           fsr1l	equ	0xFE1
   821                           bsr	equ	0xFE0
   822                           fsr2h	equ	0xFDA
   823                           fsr2l	equ	0xFD9
   824                           status	equ	0xFD8
   825                           
   826                           	psect	intcode_body
   827  0000A6                     __pintcode_body:
   828                           	opt stack 27
   829  0000A6                     int_func:
   830                           	opt stack 27
   831  0000A6  CFEA F004          	movff	fsr0h,??_high_isr+3
   832  0000AA  CFE1 F005          	movff	fsr1l,??_high_isr+4
   833  0000AE  CFE2 F006          	movff	fsr1h,??_high_isr+5
   834  0000B2  CFD9 F007          	movff	fsr2l,??_high_isr+6
   835  0000B6  CFDA F008          	movff	fsr2h,??_high_isr+7
   836  0000BA  CFF3 F009          	movff	prodl,??_high_isr+8
   837  0000BE  CFF4 F00A          	movff	prodh,??_high_isr+9
   838  0000C2  CFF6 F00B          	movff	tblptrl,??_high_isr+10
   839  0000C6  CFF7 F00C          	movff	tblptrh,??_high_isr+11
   840  0000CA  CFF8 F00D          	movff	tblptru,??_high_isr+12
   841  0000CE  CFF5 F00E          	movff	tablat,??_high_isr+13
   842                           
   843                           ;isr.c: 21: if (PIR3bits.TMR5IF==1)
   844  0000D2  A0A4               	btfss	4004,0,c	;volatile
   845  0000D4  D002               	goto	i2l161
   846                           
   847                           ;isr.c: 22: {
   848                           ;isr.c: 23: LATBbits.LATB7=~LATBbits.LATB7;
   849  0000D6  7E8A               	btg	3978,7,c	;volatile
   850                           
   851                           ;isr.c: 24: PIR3bits.TMR5IF=0;
   852  0000D8  90A4               	bcf	4004,0,c	;volatile
   853  0000DA                     i2l161:
   854                           
   855                           ;isr.c: 25: }
   856                           ;isr.c: 27: if (PIR1bits.ADIF==1)
   857  0000DA  AC9E               	btfss	3998,6,c	;volatile
   858  0000DC  D009               	goto	i2l166
   859                           
   860                           ;isr.c: 28: {
   861                           ;isr.c: 29: LATBbits.LATB6 = 0;
   862  0000DE  9C8A               	bcf	3978,6,c	;volatile
   863                           
   864                           ;isr.c: 30: while (!ADCON1bits.BFEMT);
   865  0000E0  D000               	goto	i2l163
   866  0000E2                     i2l163:
   867  0000E2  A6C1               	btfss	4033,3,c	;volatile
   868  0000E4  D7FE               	goto	i2l163
   869                           
   870                           ;isr.c: 31: adc_get();
   871  0000E6  EC02  F001         	call	_adc_get	;wreg free
   872                           
   873                           ;isr.c: 32: LATBbits.LATB6 = 1;
   874  0000EA  8C8A               	bsf	3978,6,c	;volatile
   875                           
   876                           ;isr.c: 33: PIR1bits.ADIF=0;
   877  0000EC  9C9E               	bcf	3998,6,c	;volatile
   878  0000EE  D000               	goto	i2l166
   879  0000F0                     i2l166:
   880  0000F0  C00E  FFF5         	movff	??_high_isr+13,tablat
   881  0000F4  C00D  FFF8         	movff	??_high_isr+12,tblptru
   882  0000F8  C00C  FFF7         	movff	??_high_isr+11,tblptrh
   883  0000FC  C00B  FFF6         	movff	??_high_isr+10,tblptrl
   884  000100  C00A  FFF4         	movff	??_high_isr+9,prodh
   885  000104  C009  FFF3         	movff	??_high_isr+8,prodl
   886  000108  C008  FFDA         	movff	??_high_isr+7,fsr2h
   887  00010C  C007  FFD9         	movff	??_high_isr+6,fsr2l
   888  000110  C006  FFE2         	movff	??_high_isr+5,fsr1h
   889  000114  C005  FFE1         	movff	??_high_isr+4,fsr1l
   890  000118  C004  FFEA         	movff	??_high_isr+3,fsr0h
   891  00011C  C003  FFE9         	movff	??_high_isr+2,fsr0l
   892  000120  C002  FFFB         	movff	??_high_isr+1,pclatu
   893  000124  C001  FFFA         	movff	??_high_isr,pclath
   894  000128  0011               	retfie		f
   895  00012A                     __end_of_high_isr:
   896                           	opt stack 0
   897                           pclatu	equ	0xFFB
   898                           pclath	equ	0xFFA
   899                           tblptru	equ	0xFF8
   900                           tblptrh	equ	0xFF7
   901                           tblptrl	equ	0xFF6
   902                           tablat	equ	0xFF5
   903                           prodh	equ	0xFF4
   904                           prodl	equ	0xFF3
   905                           intcon	equ	0xFF2
   906                           postinc0	equ	0xFEE
   907                           fsr0h	equ	0xFEA
   908                           fsr0l	equ	0xFE9
   909                           wreg	equ	0xFE8
   910                           postdec1	equ	0xFE5
   911                           fsr1h	equ	0xFE2
   912                           fsr1l	equ	0xFE1
   913                           bsr	equ	0xFE0
   914                           fsr2h	equ	0xFDA
   915                           fsr2l	equ	0xFD9
   916                           status	equ	0xFD8
   917                           
   918 ;; *************** function _adc_get *****************
   919 ;; Defined at:
   920 ;;		line 7 in file "func.c"
   921 ;; Parameters:    Size  Location     Type
   922 ;;		None
   923 ;; Auto vars:     Size  Location     Type
   924 ;;		None
   925 ;; Return value:  Size  Location     Type
   926 ;;		None               void
   927 ;; Registers used:
   928 ;;		None
   929 ;; Tracked objects:
   930 ;;		On entry : 0/0
   931 ;;		On exit  : 0/0
   932 ;;		Unchanged: 0/0
   933 ;; Data sizes:     COMRAM   BANK0   BANK1   BANK2
   934 ;;      Params:         0       0       0       0
   935 ;;      Locals:         0       0       0       0
   936 ;;      Temps:          0       0       0       0
   937 ;;      Totals:         0       0       0       0
   938 ;;Total ram usage:        0 bytes
   939 ;; Hardware stack levels used:    1
   940 ;; This function calls:
   941 ;;		Nothing
   942 ;; This function is called by:
   943 ;;		_high_isr
   944 ;; This function uses a non-reentrant model
   945 ;;
   946                           
   947                           	psect	text8
   948  000204                     __ptext8:
   949                           	opt stack 0
   950  000204                     _adc_get:
   951                           	opt stack 27
   952                           
   953                           ;func.c: 9: Buffer = ADRES;
   954                           
   955                           ;incstack = 0
   956  000204  CFC3 F027          	movff	4035,_Buffer	;volatile
   957  000208  CFC4 F028          	movff	4036,_Buffer+1	;volatile
   958  00020C  0012               	return		;funcret
   959  00020E                     __end_of_adc_get:
   960                           	opt stack 0
   961  0000                     pclatu	equ	0xFFB
   962                           pclath	equ	0xFFA
   963                           tblptru	equ	0xFF8
   964                           tblptrh	equ	0xFF7
   965                           tblptrl	equ	0xFF6
   966                           tablat	equ	0xFF5
   967                           prodh	equ	0xFF4
   968                           prodl	equ	0xFF3
   969                           intcon	equ	0xFF2
   970                           postinc0	equ	0xFEE
   971                           fsr0h	equ	0xFEA
   972                           fsr0l	equ	0xFE9
   973                           wreg	equ	0xFE8
   974                           postdec1	equ	0xFE5
   975                           fsr1h	equ	0xFE2
   976                           fsr1l	equ	0xFE1
   977                           bsr	equ	0xFE0
   978                           fsr2h	equ	0xFDA
   979                           fsr2l	equ	0xFD9
   980                           status	equ	0xFD8
   981                           pclatu	equ	0xFFB
   982                           pclath	equ	0xFFA
   983                           tblptru	equ	0xFF8
   984                           tblptrh	equ	0xFF7
   985                           tblptrl	equ	0xFF6
   986                           tablat	equ	0xFF5
   987                           prodh	equ	0xFF4
   988                           prodl	equ	0xFF3
   989                           intcon	equ	0xFF2
   990                           postinc0	equ	0xFEE
   991                           fsr0h	equ	0xFEA
   992                           fsr0l	equ	0xFE9
   993                           wreg	equ	0xFE8
   994                           postdec1	equ	0xFE5
   995                           fsr1h	equ	0xFE2
   996                           fsr1l	equ	0xFE1
   997                           bsr	equ	0xFE0
   998                           fsr2h	equ	0xFDA
   999                           fsr2l	equ	0xFD9
  1000                           status	equ	0xFD8
  1001                           
  1002                           	psect	rparam
  1003  0000                     pclatu	equ	0xFFB
  1004                           pclath	equ	0xFFA
  1005                           tblptru	equ	0xFF8
  1006                           tblptrh	equ	0xFF7
  1007                           tblptrl	equ	0xFF6
  1008                           tablat	equ	0xFF5
  1009                           prodh	equ	0xFF4
  1010                           prodl	equ	0xFF3
  1011                           intcon	equ	0xFF2
  1012                           postinc0	equ	0xFEE
  1013                           fsr0h	equ	0xFEA
  1014                           fsr0l	equ	0xFE9
  1015                           wreg	equ	0xFE8
  1016                           postdec1	equ	0xFE5
  1017                           fsr1h	equ	0xFE2
  1018                           fsr1l	equ	0xFE1
  1019                           bsr	equ	0xFE0
  1020                           fsr2h	equ	0xFDA
  1021                           fsr2l	equ	0xFD9
  1022                           status	equ	0xFD8


Data Sizes:
    Strings     0
    Constant    0
    Data        5
    BSS         3
    Persistent  0
    Stack       0

Auto Spaces:
    Space          Size  Autos    Used
    COMRAM           95     33      41
    BANK0           160      0       0
    BANK1           256      0       0
    BANK2           239      0       0

Pointer List with Targets:

    None.

Critical Paths under _main in COMRAM

    _main->_Timer5_Start

Critical Paths under _low_isr in COMRAM

    None.

Critical Paths under _high_isr in COMRAM

    None.

Critical Paths under _main in BANK0

    None.

Critical Paths under _low_isr in BANK0

    None.

Critical Paths under _high_isr in BANK0

    None.

Critical Paths under _main in BANK1

    None.

Critical Paths under _low_isr in BANK1

    None.

Critical Paths under _high_isr in BANK1

    None.

Critical Paths under _main in BANK2

    None.

Critical Paths under _low_isr in BANK2

    None.

Critical Paths under _high_isr in BANK2

    None.

Call Graph Tables:

 ---------------------------------------------------------------------------------
 (Depth) Function   	        Calls       Base Space   Used Autos Params    Refs
 ---------------------------------------------------------------------------------
 (0) _main                                                 0     0      0      65
                           _CloseADC
                         _SYSTEM_INT
                         _Timer5_Int
                       _Timer5_Start
                    _uart_initialize
 ---------------------------------------------------------------------------------
 (1) _uart_initialize                                      1     1      0       0
                                             31 COMRAM     1     1      0
 ---------------------------------------------------------------------------------
 (1) _Timer5_Start                                         2     0      2      65
                                             31 COMRAM     2     0      2
 ---------------------------------------------------------------------------------
 (1) _Timer5_Int                                           0     0      0       0
 ---------------------------------------------------------------------------------
 (1) _SYSTEM_INT                                           0     0      0       0
 ---------------------------------------------------------------------------------
 (1) _CloseADC                                             0     0      0       0
 ---------------------------------------------------------------------------------
 Estimated maximum stack depth 1
 ---------------------------------------------------------------------------------
 (Depth) Function   	        Calls       Base Space   Used Autos Params    Refs
 ---------------------------------------------------------------------------------
 (2) _low_isr                                             17    17      0       0
                                             14 COMRAM    17    17      0
 ---------------------------------------------------------------------------------
 Estimated maximum stack depth 2
 ---------------------------------------------------------------------------------
 (Depth) Function   	        Calls       Base Space   Used Autos Params    Refs
 ---------------------------------------------------------------------------------
 (3) _high_isr                                            14    14      0       0
                                              0 COMRAM    14    14      0
                            _adc_get
 ---------------------------------------------------------------------------------
 (4) _adc_get                                              0     0      0       0
 ---------------------------------------------------------------------------------
 Estimated maximum stack depth 4
 ---------------------------------------------------------------------------------

 Call Graph Graphs:

 _main (ROOT)
   _CloseADC
   _SYSTEM_INT
   _Timer5_Int
   _Timer5_Start
   _uart_initialize

 _low_isr (ROOT)

 _high_isr (ROOT)
   _adc_get

 Address spaces:
Name               Size   Autos  Total    Cost      Usage
BIGRAM             2EE      0       0      10        0.0%
EEDATA             100      0       0       0        0.0%
BITBANK1           100      0       0       6        0.0%
BANK1              100      0       0       7        0.0%
BITBANK2            EF      0       0       8        0.0%
BANK2               EF      0       0       9        0.0%
BITBANK0            A0      0       0       3        0.0%
BANK0               A0      0       0       4        0.0%
BITCOMRAM           5F      0       0       0        0.0%
COMRAM              5F     21      29       1       43.2%
BITSFR_5             0      0       0      40        0.0%
SFR_5                0      0       0      40        0.0%
BITSFR_4             0      0       0      40        0.0%
SFR_4                0      0       0      40        0.0%
BITSFR_3             0      0       0      40        0.0%
SFR_3                0      0       0      40        0.0%
BITSFR_2             0      0       0      40        0.0%
SFR_2                0      0       0      40        0.0%
BITSFR_1             0      0       0      40        0.0%
SFR_1                0      0       0      40        0.0%
BITSFR               0      0       0      40        0.0%
SFR                  0      0       0      40        0.0%
STACK                0      0       0       2        0.0%
NULL                 0      0       0       0        0.0%
ABS                  0      0      29       5        0.0%
DATA                 0      0      29      11        0.0%
CODE                 0      0       0       0        0.0%


Microchip Technology PIC18 Macro Assembler V1.34 build -361300703 
Symbol Table                                                                                   Tue Apr 19 15:42:54 2016

                      bsr 000FE0              __CFG_CP0$OFF 000000              __CFG_CP1$OFF 000000  
                     l122 0160              __CFG_CPB$OFF 000000              __CFG_CPD$OFF 000000  
            __CFG_BORV$45 000000                       wreg 000FE8                _SYSTEM_INT 0192  
            __CFG_LVP$OFF 000000                      _TMR5 000F87                      _main 012A  
                    fsr0h 000FEA                      fsr1h 000FE2                      fsr0l 000FE9  
                    fsr2h 000FDA                      fsr1l 000FE1                      fsr2l 000FD9  
                    pclat 000FFA                      prodh 000FF4                      prodl 000FF3  
                    start 00A2             __CFG_IESO$OFF 000000             __CFG_MCLRE$ON 000000  
           __CFG_HPOL$LOW 000000              ___param_bank 000010             __CFG_LPOL$LOW 000000  
                   ?_main 0001                     _ADCHS 000F99                     _ADRES 000FC3  
         __end_of_adc_get 020E                     _PDC0H 000F78                     _PDC1H 000F76  
                   _PDC2H 000F74                     _PDC0L 000F79                     _DTCON 000F6D  
                   _PDC3H 000F72                     _PDC1L 000F77                     _PDC2L 000F75  
                   _PDC3L 000F73            __CFG_DEBUG$OFF 000000                     i2l161 00DA  
                   i2l163 00E2                     i2l166 00F0                     _RCREG 000FAE  
                   _SPBRG 000FAF                     _PORTA 000F80                     _PORTB 000F81  
                   _PORTC 000F82                     _PORTD 000F83                     _PORTE 000F84  
                   _TRISA 000F92                     _TRISB 000F93                     _TRISC 000F94  
                   _TRISD 000F95                     _TRISE 000F96                     _TXREG 000FAD  
           __CFG_WRT0$OFF 000000             __CFG_WRT1$OFF 000000            __CFG_EBTR0$OFF 000000  
          __CFG_FCMEN$OFF 000000            __CFG_EBTR1$OFF 000000             __CFG_WRTB$OFF 000000  
           __CFG_WRTC$OFF 000000             __CFG_WRTD$OFF 000000         ??_uart_initialize 0020  
          __CFG_EBTRB$OFF 000000           __end_of_low_isr 00A2            __CFG_BOREN$OFF 000000  
                   tablat 000FF5                     status 000FD8      Timer5_Start@PR_value 0020  
        __end_of_CloseADC 0214           __initialization 0166              __end_of_main 0166  
          __CFG_OSC$HSPLL 000000                    ??_main 0022             __activetblptr 000000  
             ?_SYSTEM_INT 0001                    _ADCON0 000FC2                    _ADCON1 000FC1  
                  _ADCON2 000FC0                    _ADCON3 000F9A            __CFG_WDTEN$OFF 000000  
                  _SPBRGH 000FB0                    _PTPERH 000F7A                    _PTPERL 000F7B  
                  _Buffer 0027            __CFG_PWRTEN$ON 000000            __CFG_SSPMX$RD1 000000  
              _Timer5_Int 01F4          __end_of_high_isr 012A            __CFG_STVREN$ON 000000  
               ??_adc_get 0001              __pdataCOMRAM 0022                 ??_low_isr 000F  
                  tblptrh 000FF7                    tblptrl 000FF6                    tblptru 000FF8  
              __accesstop 0060   __end_of__initialization 018C             ___rparam_used 000001  
          __pcstackCOMRAM 0001       __size_of_SYSTEM_INT 002A                 ?_CloseADC 0001  
             ?_Timer5_Int 0001             ?_Timer5_Start 0020           _uart_initialize 01BC  
                 _OVDCOND 000F6B                   _OVDCONS 000F6A                ??_CloseADC 0020  
               ?_high_isr 0001           __CFG_PWMPIN$OFF 000000                   __Hparam 0000  
          ??_Timer5_Start 0022                   __Lparam 0000                   _adc_get 0204  
                 __pcinit 0166                   __ramtop 0300                   __ptext0 012A  
                 __ptext1 01BC                   __ptext2 01E0                   __ptext3 01F4  
                 __ptext4 0192                   __ptext5 020E                   __ptext8 0204  
                 _config1 0024                   _config2 0029                   _config3 0025  
                 _config4 0026                 _DTCONbits 000F6D              ??_SYSTEM_INT 0020  
               _T5CONbits 000FB7                   _low_isr 0018       __size_of_Timer5_Int 0010  
              ??_high_isr 0001            __pintcode_body 00A6      end_of_initialization 018C  
                 int_func 00A6   __end_of_uart_initialize 01E0                 _RCSTAbits 000FAB  
                 postdec1 000FE5        __end_of_SYSTEM_INT 01BC                   postinc0 000FEE  
               _TXSTAbits 000FAC          __CFG_T1OSCMX$OFF 000000             __pidataCOMRAM 0214  
             _BAUDCTLbits 000FAA               _adc_reading 0022       start_initialization 0166  
    __end_of_Timer5_Start 01F4         __size_of_CloseADC 0006              ??_Timer5_Int 0020  
        ?_uart_initialize 0001               __pbssCOMRAM 0027        __end_of_Timer5_Int 0204  
       __size_of_high_isr 0122                 __pintcode 0008                  ?_adc_get 0001  
             __pintcodelo 0018                  ?_low_isr 0001                  _LATBbits 000F8A  
                _IPR1bits 000F9F                  _PIE1bits 000F9D                  _IPR3bits 000FA5  
                _PIE3bits 000FA3                  _PIR1bits 000F9E                  _PIR3bits 000FA4  
              _ADCON0bits 000FC2                _ADCON1bits 000FC1     __size_of_Timer5_Start 0014  
                _CloseADC 020E                 copy_data0 0180      uart_initialize@dummy 0020  
                __Hrparam 0000                  __Lrparam 0000              _Timer5_Start 01E0  
        __size_of_adc_get 000A          __size_of_low_isr 008A                  _high_isr 0008  
           __size_of_main 003C                _INTCONbits 000FF2                  intlevel1 0000  
                intlevel2 0000               _PWMCON0bits 000F6F               _PWMCON1bits 000F6E  
              _PTCON0bits 000F7F                _PTCON1bits 000F7E  __size_of_uart_initialize 0024  
