

Microchip Technology PIC18 LITE Macro Assembler V1.34 build -361300703 
                                                                                               Wed Apr 27 06:08:16 2016

Microchip Technology Omniscient Code Generator (Lite mode) build 201502162209
     1                           	processor	18F4431
     2                           	fnconf	rparam,??,?,0
     3                           	opt	pw 120
     4                           	opt	lm
     5                           	psect	idataCOMRAM,global,class=CODE,delta=1
     6                           	psect	cinit,global,reloc=2,class=CODE,delta=1
     7                           	psect	bssCOMRAM,global,class=COMRAM,space=1,delta=1
     8                           	psect	dataCOMRAM,global,class=COMRAM,space=1,delta=1
     9                           	psect	cstackCOMRAM,global,class=COMRAM,space=1,delta=1
    10                           	psect	text0,global,reloc=2,class=CODE,delta=1
    11                           	psect	text1,global,reloc=2,class=CODE,delta=1
    12                           	psect	text2,global,reloc=2,class=CODE,delta=1
    13                           	psect	text3,global,reloc=2,class=CODE,delta=1
    14                           	psect	text4,global,reloc=2,class=CODE,delta=1
    15                           	psect	text5,global,reloc=2,class=CODE,delta=1
    16                           	psect	intcodelo,global,reloc=2,class=CODE,delta=1
    17                           	psect	intcode,global,reloc=2,class=CODE,delta=1
    18                           	psect	intcode_body,global,reloc=2,class=CODE,delta=1
    19                           	psect	text8,global,reloc=2,class=CODE,delta=1
    20                           	psect	intsave_regs,global,class=BIGRAM,space=1,delta=1
    21                           	psect	rparam,global,class=COMRAM,space=1,delta=1
    22  0000                     
    23                           	psect	idataCOMRAM
    24  000214                     __pidataCOMRAM:
    25                           	opt stack 0
    26                           
    27                           ;initializer for _adc_reading
    28  000214  000F               	dw	15
    29                           
    30                           ;initializer for _config1
    31  000216  20                 	db	32
    32                           
    33                           ;initializer for _config3
    34  000217  B2                 	db	178
    35                           
    36                           ;initializer for _config4
    37  000218  02                 	db	2
    38  0000                     _ADRES	set	4035
    39  0000                     _TMR5	set	3975
    40  0000                     _ADCHS	set	3993
    41  0000                     _ADCON0	set	4034
    42  0000                     _ADCON0bits	set	4034
    43  0000                     _ADCON1	set	4033
    44  0000                     _ADCON1bits	set	4033
    45  0000                     _ADCON2	set	4032
    46  0000                     _ADCON3	set	3994
    47  0000                     _BAUDCTLbits	set	4010
    48  0000                     _DTCON	set	3949
    49  0000                     _DTCONbits	set	3949
    50  0000                     _INTCONbits	set	4082
    51  0000                     _IPR1bits	set	3999
    52  0000                     _IPR3bits	set	4005
    53  0000                     _LATBbits	set	3978
    54  0000                     _MAXCNTH	set	3941
    55  0000                     _MAXCNTL	set	3940
    56  0000                     _OVDCOND	set	3947
    57  0000                     _OVDCONS	set	3946
    58  0000                     _PDC0H	set	3960
    59  0000                     _PDC0L	set	3961
    60  0000                     _PDC1H	set	3958
    61  0000                     _PDC1L	set	3959
    62  0000                     _PDC2H	set	3956
    63  0000                     _PDC2L	set	3957
    64  0000                     _PDC3H	set	3954
    65  0000                     _PDC3L	set	3955
    66  0000                     _PIE1bits	set	3997
    67  0000                     _PIE3bits	set	4003
    68  0000                     _PIR1bits	set	3998
    69  0000                     _PIR3bits	set	4004
    70  0000                     _PORTA	set	3968
    71  0000                     _PORTB	set	3969
    72  0000                     _PORTC	set	3970
    73  0000                     _PORTD	set	3971
    74  0000                     _PORTE	set	3972
    75  0000                     _POSCNTH	set	3943
    76  0000                     _POSCNTL	set	3942
    77  0000                     _PTCON0bits	set	3967
    78  0000                     _PTCON1bits	set	3966
    79  0000                     _PTPERH	set	3962
    80  0000                     _PTPERL	set	3963
    81  0000                     _PWMCON0bits	set	3951
    82  0000                     _PWMCON1bits	set	3950
    83  0000                     _QEICON	set	4022
    84  0000                     _QEICONbits	set	4022
    85  0000                     _RCREG	set	4014
    86  0000                     _RCSTAbits	set	4011
    87  0000                     _SPBRG	set	4015
    88  0000                     _SPBRGH	set	4016
    89  0000                     _T5CONbits	set	4023
    90  0000                     _TRISA	set	3986
    91  0000                     _TRISB	set	3987
    92  0000                     _TRISC	set	3988
    93  0000                     _TRISD	set	3989
    94  0000                     _TRISE	set	3990
    95  0000                     _TXREG	set	4013
    96  0000                     _TXSTAbits	set	4012
    97                           
    98                           ; #config settings
    99  0000                     
   100                           	psect	cinit
   101  000166                     __pcinit:
   102                           	opt stack 0
   103  000166                     start_initialization:
   104                           	opt stack 0
   105  000166                     __initialization:
   106                           	opt stack 0
   107                           
   108                           ; Clear objects allocated to COMRAM (3 bytes)
   109  000166  6A29               	clrf	(__pbssCOMRAM+2)& (0+255),c
   110  000168  6A28               	clrf	(__pbssCOMRAM+1)& (0+255),c
   111  00016A  6A27               	clrf	__pbssCOMRAM& (0+255),c
   112                           
   113                           ; Initialize objects allocated to COMRAM (5 bytes)
   114                           ; load TBLPTR registers with __pidataCOMRAM
   115  00016C  0E14               	movlw	low __pidataCOMRAM
   116  00016E  6EF6               	movwf	tblptrl,c
   117  000170  0E02               	movlw	high __pidataCOMRAM
   118  000172  6EF7               	movwf	tblptrh,c
   119  000174  0E00               	movlw	low (__pidataCOMRAM shr (0+16))
   120  000176  6EF8               	movwf	tblptru,c
   121  000178  EE00  F022         	lfsr	0,__pdataCOMRAM
   122  00017C  EE10 F005          	lfsr	1,5
   123  000180                     copy_data0:
   124  000180  0009               	tblrd		*+
   125  000182  CFF5 FFEE          	movff	tablat,postinc0
   126  000186  50E5               	movf	postdec1,w,c
   127  000188  50E1               	movf	fsr1l,w,c
   128  00018A  E1FA               	bnz	copy_data0
   129  00018C                     end_of_initialization:
   130                           	opt stack 0
   131  00018C                     __end_of__initialization:
   132                           	opt stack 0
   133  00018C  0100               	movlb	0
   134  00018E  EF95  F000         	goto	_main	;jump to C main() function
   135                           tblptru	equ	0xFF8
   136                           tblptrh	equ	0xFF7
   137                           tblptrl	equ	0xFF6
   138                           tablat	equ	0xFF5
   139                           postinc0	equ	0xFEE
   140                           postdec1	equ	0xFE5
   141                           fsr1l	equ	0xFE1
   142                           
   143                           	psect	bssCOMRAM
   144  000027                     __pbssCOMRAM:
   145                           	opt stack 0
   146  000027                     _Buffer:
   147                           	opt stack 0
   148  000027                     	ds	2
   149  000029                     _config2:
   150                           	opt stack 0
   151  000029                     	ds	1
   152                           tblptru	equ	0xFF8
   153                           tblptrh	equ	0xFF7
   154                           tblptrl	equ	0xFF6
   155                           tablat	equ	0xFF5
   156                           postinc0	equ	0xFEE
   157                           postdec1	equ	0xFE5
   158                           fsr1l	equ	0xFE1
   159                           
   160                           	psect	dataCOMRAM
   161  000022                     __pdataCOMRAM:
   162                           	opt stack 0
   163  000022                     _adc_reading:
   164                           	opt stack 0
   165  000022                     	ds	2
   166  000024                     _config1:
   167                           	opt stack 0
   168  000024                     	ds	1
   169  000025                     _config3:
   170                           	opt stack 0
   171  000025                     	ds	1
   172  000026                     _config4:
   173                           	opt stack 0
   174  000026                     	ds	1
   175                           tblptru	equ	0xFF8
   176                           tblptrh	equ	0xFF7
   177                           tblptrl	equ	0xFF6
   178                           tablat	equ	0xFF5
   179                           postinc0	equ	0xFEE
   180                           postdec1	equ	0xFE5
   181                           fsr1l	equ	0xFE1
   182                           
   183                           	psect	cstackCOMRAM
   184  000001                     __pcstackCOMRAM:
   185                           	opt stack 0
   186  000001                     ??_high_isr:
   187                           
   188                           ; 0 bytes @ 0x0
   189  000001                     	ds	14
   190  00000F                     ??_low_isr:
   191                           
   192                           ; 0 bytes @ 0xE
   193  00000F                     	ds	17
   194  000020                     uart_initialize@dummy:
   195                           	opt stack 0
   196  000020                     Timer5_Start@PR_value:
   197                           	opt stack 0
   198                           
   199                           ; 2 bytes @ 0x1F
   200  000020                     	ds	2
   201  000022                     tblptru	equ	0xFF8
   202                           tblptrh	equ	0xFF7
   203                           tblptrl	equ	0xFF6
   204                           tablat	equ	0xFF5
   205                           postinc0	equ	0xFEE
   206                           postdec1	equ	0xFE5
   207                           fsr1l	equ	0xFE1
   208                           
   209                           ; 0 bytes @ 0x21
   210 ;;
   211 ;;Main: autosize = 0, tempsize = 0, incstack = 0, save=0
   212 ;;
   213 ;; *************** function _main *****************
   214 ;; Defined at:
   215 ;;		line 90 in file "main.c"
   216 ;; Parameters:    Size  Location     Type
   217 ;;		None
   218 ;; Auto vars:     Size  Location     Type
   219 ;;		None
   220 ;; Return value:  Size  Location     Type
   221 ;;		None               void
   222 ;; Registers used:
   223 ;;		wreg, status,2, cstack
   224 ;; Tracked objects:
   225 ;;		On entry : 0/0
   226 ;;		On exit  : 0/0
   227 ;;		Unchanged: 0/0
   228 ;; Data sizes:     COMRAM   BANK0   BANK1   BANK2
   229 ;;      Params:         0       0       0       0
   230 ;;      Locals:         0       0       0       0
   231 ;;      Temps:          0       0       0       0
   232 ;;      Totals:         0       0       0       0
   233 ;;Total ram usage:        0 bytes
   234 ;; Hardware stack levels required when called:    4
   235 ;; This function calls:
   236 ;;		_CloseADC
   237 ;;		_SYSTEM_INT
   238 ;;		_Timer5_Int
   239 ;;		_Timer5_Start
   240 ;;		_uart_initialize
   241 ;; This function is called by:
   242 ;;		Startup code after reset
   243 ;; This function uses a non-reentrant model
   244 ;;
   245                           
   246                           	psect	text0
   247  00012A                     __ptext0:
   248                           	opt stack 0
   249  00012A                     _main:
   250                           	opt stack 27
   251                           
   252                           ;main.c: 91: SYSTEM_INT();
   253                           
   254                           ;incstack = 0
   255  00012A  ECC9  F000         	call	_SYSTEM_INT	;wreg free
   256                           
   257                           ;main.c: 92: uart_initialize();
   258  00012E  ECDE  F000         	call	_uart_initialize	;wreg free
   259                           
   260                           ;main.c: 94: CloseADC();
   261  000132  EC07  F001         	call	_CloseADC	;wreg free
   262                           
   263                           ;main.c: 95: ADCON0 = config1;
   264  000136  C024  FFC2         	movff	_config1,4034	;volatile
   265                           
   266                           ;main.c: 96: ADCON1 = config2;
   267  00013A  C029  FFC1         	movff	_config2,4033	;volatile
   268                           
   269                           ;main.c: 97: ADCON2 = config3;
   270  00013E  C025  FFC0         	movff	_config3,4032	;volatile
   271                           
   272                           ;main.c: 98: ADCON3 = config4;
   273  000142  C026  FF9A         	movff	_config4,3994	;volatile
   274                           
   275                           ;main.c: 99: ADCHS = 0b00000000;
   276  000146  0E00               	movlw	0
   277  000148  6E99               	movwf	3993,c	;volatile
   278                           
   279                           ;main.c: 100: ADCON0bits.ADON=1;
   280  00014A  80C2               	bsf	4034,0,c	;volatile
   281                           
   282                           ;main.c: 102: IPR1bits.ADIP =0;
   283  00014C  9C9F               	bcf	3999,6,c	;volatile
   284                           
   285                           ;main.c: 103: PIE1bits.ADIE =0;
   286  00014E  9C9D               	bcf	3997,6,c	;volatile
   287                           
   288                           ;main.c: 106: Timer5_Int();
   289  000150  ECFA  F000         	call	_Timer5_Int	;wreg free
   290                           
   291                           ;main.c: 107: Timer5_Start(5000);
   292  000154  0E13               	movlw	19
   293  000156  6E21               	movwf	Timer5_Start@PR_value+1,c
   294  000158  0E88               	movlw	136
   295  00015A  6E20               	movwf	Timer5_Start@PR_value,c
   296  00015C  ECF0  F000         	call	_Timer5_Start	;wreg free
   297  000160  D7FF               	goto	l122
   298                           
   299                           ;main.c: 119: }
   300                           ;main.c: 120: return;
   301  000162  EF51  F000         	goto	start
   302  000166                     __end_of_main:
   303                           	opt stack 0
   304                           tblptru	equ	0xFF8
   305                           tblptrh	equ	0xFF7
   306                           tblptrl	equ	0xFF6
   307                           tablat	equ	0xFF5
   308                           postinc0	equ	0xFEE
   309                           postdec1	equ	0xFE5
   310                           fsr1l	equ	0xFE1
   311                           
   312 ;; *************** function _uart_initialize *****************
   313 ;; Defined at:
   314 ;;		line 151 in file "main.c"
   315 ;; Parameters:    Size  Location     Type
   316 ;;		None
   317 ;; Auto vars:     Size  Location     Type
   318 ;;  dummy           1   31[COMRAM] unsigned char 
   319 ;; Return value:  Size  Location     Type
   320 ;;		None               void
   321 ;; Registers used:
   322 ;;		wreg, status,2
   323 ;; Tracked objects:
   324 ;;		On entry : 0/0
   325 ;;		On exit  : 0/0
   326 ;;		Unchanged: 0/0
   327 ;; Data sizes:     COMRAM   BANK0   BANK1   BANK2
   328 ;;      Params:         0       0       0       0
   329 ;;      Locals:         1       0       0       0
   330 ;;      Temps:          0       0       0       0
   331 ;;      Totals:         1       0       0       0
   332 ;;Total ram usage:        1 bytes
   333 ;; Hardware stack levels used:    1
   334 ;; Hardware stack levels required when called:    3
   335 ;; This function calls:
   336 ;;		Nothing
   337 ;; This function is called by:
   338 ;;		_main
   339 ;; This function uses a non-reentrant model
   340 ;;
   341                           
   342                           	psect	text1
   343  0001BC                     __ptext1:
   344                           	opt stack 0
   345  0001BC                     _uart_initialize:
   346                           	opt stack 27
   347                           
   348                           ;main.c: 153: unsigned char dummy = 0;
   349                           
   350                           ;incstack = 0
   351  0001BC  0E00               	movlw	0
   352  0001BE  6E20               	movwf	uart_initialize@dummy,c
   353                           
   354                           ;main.c: 154: TXSTAbits.TX9 =0;
   355  0001C0  9CAC               	bcf	4012,6,c	;volatile
   356                           
   357                           ;main.c: 156: TXSTAbits.BRGH = 0;
   358  0001C2  94AC               	bcf	4012,2,c	;volatile
   359                           
   360                           ;main.c: 157: BAUDCTLbits.BRG16 = 1;
   361  0001C4  86AA               	bsf	4010,3,c	;volatile
   362                           
   363                           ;main.c: 158: SPBRGH = ( (40000000 / 16 / 9600) - 1 ) /256;
   364  0001C6  0E01               	movlw	1
   365  0001C8  6EB0               	movwf	4016,c	;volatile
   366                           
   367                           ;main.c: 159: SPBRG = ((40000000 / 16 / 9600) - 1)%256 ;
   368  0001CA  0E03               	movlw	3
   369  0001CC  6EAF               	movwf	4015,c	;volatile
   370                           
   371                           ;main.c: 160: TXSTAbits.SYNC = 0;
   372  0001CE  98AC               	bcf	4012,4,c	;volatile
   373                           
   374                           ;main.c: 161: RCSTAbits.SPEN = 1;
   375  0001D0  8EAB               	bsf	4011,7,c	;volatile
   376                           
   377                           ;main.c: 162: RCSTAbits.CREN = 1;
   378  0001D2  88AB               	bsf	4011,4,c	;volatile
   379                           
   380                           ;main.c: 163: TXSTAbits.TXEN = 1;
   381  0001D4  8AAC               	bsf	4012,5,c	;volatile
   382                           
   383                           ;main.c: 164: dummy = RCREG;
   384  0001D6  CFAE F020          	movff	4014,uart_initialize@dummy	;volatile
   385                           
   386                           ;main.c: 165: dummy = RCREG;
   387  0001DA  CFAE F020          	movff	4014,uart_initialize@dummy	;volatile
   388  0001DE  0012               	return		;funcret
   389  0001E0                     __end_of_uart_initialize:
   390                           	opt stack 0
   391                           tblptru	equ	0xFF8
   392                           tblptrh	equ	0xFF7
   393                           tblptrl	equ	0xFF6
   394                           tablat	equ	0xFF5
   395                           postinc0	equ	0xFEE
   396                           postdec1	equ	0xFE5
   397                           fsr1l	equ	0xFE1
   398                           
   399 ;; *************** function _Timer5_Start *****************
   400 ;; Defined at:
   401 ;;		line 189 in file "main.c"
   402 ;; Parameters:    Size  Location     Type
   403 ;;  PR_value        2   31[COMRAM] unsigned short 
   404 ;; Auto vars:     Size  Location     Type
   405 ;;		None
   406 ;; Return value:  Size  Location     Type
   407 ;;		None               void
   408 ;; Registers used:
   409 ;;		None
   410 ;; Tracked objects:
   411 ;;		On entry : 0/0
   412 ;;		On exit  : 0/0
   413 ;;		Unchanged: 0/0
   414 ;; Data sizes:     COMRAM   BANK0   BANK1   BANK2
   415 ;;      Params:         2       0       0       0
   416 ;;      Locals:         0       0       0       0
   417 ;;      Temps:          0       0       0       0
   418 ;;      Totals:         2       0       0       0
   419 ;;Total ram usage:        2 bytes
   420 ;; Hardware stack levels used:    1
   421 ;; Hardware stack levels required when called:    3
   422 ;; This function calls:
   423 ;;		Nothing
   424 ;; This function is called by:
   425 ;;		_main
   426 ;; This function uses a non-reentrant model
   427 ;;
   428                           
   429                           	psect	text2
   430  0001E0                     __ptext2:
   431                           	opt stack 0
   432  0001E0                     _Timer5_Start:
   433                           	opt stack 27
   434                           
   435                           ;main.c: 191: INTCONbits.GIEH =1;
   436                           
   437                           ;incstack = 0
   438  0001E0  8EF2               	bsf	intcon,7,c	;volatile
   439                           
   440                           ;main.c: 192: INTCONbits.PEIE =1;
   441  0001E2  8CF2               	bsf	intcon,6,c	;volatile
   442                           
   443                           ;main.c: 193: IPR3bits.TMR5IP =0;
   444  0001E4  90A5               	bcf	4005,0,c	;volatile
   445                           
   446                           ;main.c: 194: PIE3bits.TMR5IE =1;
   447  0001E6  80A3               	bsf	4003,0,c	;volatile
   448                           
   449                           ;main.c: 196: TMR5 = PR_value;
   450  0001E8  C020  FF87         	movff	Timer5_Start@PR_value,3975	;volatile
   451  0001EC  C021  FF88         	movff	Timer5_Start@PR_value+1,3976	;volatile
   452                           
   453                           ;main.c: 198: T5CONbits.TMR5ON =1;
   454  0001F0  80B7               	bsf	4023,0,c	;volatile
   455  0001F2  0012               	return		;funcret
   456  0001F4                     __end_of_Timer5_Start:
   457                           	opt stack 0
   458                           tblptru	equ	0xFF8
   459                           tblptrh	equ	0xFF7
   460                           tblptrl	equ	0xFF6
   461                           tablat	equ	0xFF5
   462                           intcon	equ	0xFF2
   463                           postinc0	equ	0xFEE
   464                           postdec1	equ	0xFE5
   465                           fsr1l	equ	0xFE1
   466                           
   467 ;; *************** function _Timer5_Int *****************
   468 ;; Defined at:
   469 ;;		line 177 in file "main.c"
   470 ;; Parameters:    Size  Location     Type
   471 ;;		None
   472 ;; Auto vars:     Size  Location     Type
   473 ;;		None
   474 ;; Return value:  Size  Location     Type
   475 ;;		None               void
   476 ;; Registers used:
   477 ;;		wreg, status,2
   478 ;; Tracked objects:
   479 ;;		On entry : 0/0
   480 ;;		On exit  : 0/0
   481 ;;		Unchanged: 0/0
   482 ;; Data sizes:     COMRAM   BANK0   BANK1   BANK2
   483 ;;      Params:         0       0       0       0
   484 ;;      Locals:         0       0       0       0
   485 ;;      Temps:          0       0       0       0
   486 ;;      Totals:         0       0       0       0
   487 ;;Total ram usage:        0 bytes
   488 ;; Hardware stack levels used:    1
   489 ;; Hardware stack levels required when called:    3
   490 ;; This function calls:
   491 ;;		Nothing
   492 ;; This function is called by:
   493 ;;		_main
   494 ;; This function uses a non-reentrant model
   495 ;;
   496                           
   497                           	psect	text3
   498  0001F4                     __ptext3:
   499                           	opt stack 0
   500  0001F4                     _Timer5_Int:
   501                           	opt stack 27
   502                           
   503                           ;main.c: 179: T5CONbits.T5SEN = 0;
   504                           
   505                           ;incstack = 0
   506  0001F4  9EB7               	bcf	4023,7,c	;volatile
   507                           
   508                           ;main.c: 180: T5CONbits.RESEN = 0;
   509  0001F6  9CB7               	bcf	4023,6,c	;volatile
   510                           
   511                           ;main.c: 181: T5CONbits.T5MOD = 0;
   512  0001F8  9AB7               	bcf	4023,5,c	;volatile
   513                           
   514                           ;main.c: 182: T5CONbits.T5PS = 0b00;
   515  0001FA  0EE7               	movlw	-25
   516  0001FC  16B7               	andwf	4023,f,c	;volatile
   517                           
   518                           ;main.c: 184: T5CONbits.TMR5CS = 0;
   519  0001FE  92B7               	bcf	4023,1,c	;volatile
   520                           
   521                           ;main.c: 185: T5CONbits.T5SYNC = 0;
   522  000200  94B7               	bcf	4023,2,c	;volatile
   523  000202  0012               	return		;funcret
   524  000204                     __end_of_Timer5_Int:
   525                           	opt stack 0
   526                           tblptru	equ	0xFF8
   527                           tblptrh	equ	0xFF7
   528                           tblptrl	equ	0xFF6
   529                           tablat	equ	0xFF5
   530                           intcon	equ	0xFF2
   531                           postinc0	equ	0xFEE
   532                           postdec1	equ	0xFE5
   533                           fsr1l	equ	0xFE1
   534                           
   535 ;; *************** function _SYSTEM_INT *****************
   536 ;; Defined at:
   537 ;;		line 123 in file "main.c"
   538 ;; Parameters:    Size  Location     Type
   539 ;;		None
   540 ;; Auto vars:     Size  Location     Type
   541 ;;		None
   542 ;; Return value:  Size  Location     Type
   543 ;;		None               void
   544 ;; Registers used:
   545 ;;		wreg, status,2
   546 ;; Tracked objects:
   547 ;;		On entry : 0/0
   548 ;;		On exit  : 0/0
   549 ;;		Unchanged: 0/0
   550 ;; Data sizes:     COMRAM   BANK0   BANK1   BANK2
   551 ;;      Params:         0       0       0       0
   552 ;;      Locals:         0       0       0       0
   553 ;;      Temps:          0       0       0       0
   554 ;;      Totals:         0       0       0       0
   555 ;;Total ram usage:        0 bytes
   556 ;; Hardware stack levels used:    1
   557 ;; Hardware stack levels required when called:    3
   558 ;; This function calls:
   559 ;;		Nothing
   560 ;; This function is called by:
   561 ;;		_main
   562 ;; This function uses a non-reentrant model
   563 ;;
   564                           
   565                           	psect	text4
   566  000192                     __ptext4:
   567                           	opt stack 0
   568  000192                     _SYSTEM_INT:
   569                           	opt stack 27
   570                           
   571                           ;main.c: 136: PORTA = 0;
   572                           
   573                           ;incstack = 0
   574  000192  0E00               	movlw	0
   575  000194  6E80               	movwf	3968,c	;volatile
   576                           
   577                           ;main.c: 137: PORTB = 0;
   578  000196  0E00               	movlw	0
   579  000198  6E81               	movwf	3969,c	;volatile
   580                           
   581                           ;main.c: 138: PORTC = 0;
   582  00019A  0E00               	movlw	0
   583  00019C  6E82               	movwf	3970,c	;volatile
   584                           
   585                           ;main.c: 139: PORTD = 0;
   586  00019E  0E00               	movlw	0
   587  0001A0  6E83               	movwf	3971,c	;volatile
   588                           
   589                           ;main.c: 140: PORTE = 0;
   590  0001A2  0E00               	movlw	0
   591  0001A4  6E84               	movwf	3972,c	;volatile
   592                           
   593                           ;main.c: 142: TRISA = 0b00111111;
   594  0001A6  0E3F               	movlw	63
   595  0001A8  6E92               	movwf	3986,c	;volatile
   596                           
   597                           ;main.c: 143: TRISB = 0b00000000;
   598  0001AA  0E00               	movlw	0
   599  0001AC  6E93               	movwf	3987,c	;volatile
   600                           
   601                           ;main.c: 144: TRISC = 0b11110011;
   602  0001AE  0EF3               	movlw	243
   603  0001B0  6E94               	movwf	3988,c	;volatile
   604                           
   605                           ;main.c: 145: TRISD = 0b00001100;
   606  0001B2  0E0C               	movlw	12
   607  0001B4  6E95               	movwf	3989,c	;volatile
   608                           
   609                           ;main.c: 146: TRISE = 0;
   610  0001B6  0E00               	movlw	0
   611  0001B8  6E96               	movwf	3990,c	;volatile
   612  0001BA  0012               	return		;funcret
   613  0001BC                     __end_of_SYSTEM_INT:
   614                           	opt stack 0
   615                           tblptru	equ	0xFF8
   616                           tblptrh	equ	0xFF7
   617                           tblptrl	equ	0xFF6
   618                           tablat	equ	0xFF5
   619                           intcon	equ	0xFF2
   620                           postinc0	equ	0xFEE
   621                           postdec1	equ	0xFE5
   622                           fsr1l	equ	0xFE1
   623                           
   624 ;; *************** function _CloseADC *****************
   625 ;; Defined at:
   626 ;;		line 23 in file "C:\Program Files (x86)\Microchip\xc8\v1.34\sources\pic18\plib\ADC\adcclose.c"
   627 ;; Parameters:    Size  Location     Type
   628 ;;		None
   629 ;; Auto vars:     Size  Location     Type
   630 ;;		None
   631 ;; Return value:  Size  Location     Type
   632 ;;		None               void
   633 ;; Registers used:
   634 ;;		None
   635 ;; Tracked objects:
   636 ;;		On entry : 0/0
   637 ;;		On exit  : 0/0
   638 ;;		Unchanged: 0/0
   639 ;; Data sizes:     COMRAM   BANK0   BANK1   BANK2
   640 ;;      Params:         0       0       0       0
   641 ;;      Locals:         0       0       0       0
   642 ;;      Temps:          0       0       0       0
   643 ;;      Totals:         0       0       0       0
   644 ;;Total ram usage:        0 bytes
   645 ;; Hardware stack levels used:    1
   646 ;; Hardware stack levels required when called:    3
   647 ;; This function calls:
   648 ;;		Nothing
   649 ;; This function is called by:
   650 ;;		_main
   651 ;; This function uses a non-reentrant model
   652 ;;
   653                           
   654                           	psect	text5
   655  00020E                     __ptext5:
   656                           	opt stack 0
   657  00020E                     _CloseADC:
   658                           	opt stack 27
   659                           
   660                           ;incstack = 0
   661  00020E  90C2               	bcf	4034,0,c	;volatile
   662  000210  9C9D               	bcf	3997,6,c	;volatile
   663  000212  0012               	return		;funcret
   664  000214                     __end_of_CloseADC:
   665                           	opt stack 0
   666                           tblptru	equ	0xFF8
   667                           tblptrh	equ	0xFF7
   668                           tblptrl	equ	0xFF6
   669                           tablat	equ	0xFF5
   670                           intcon	equ	0xFF2
   671                           postinc0	equ	0xFEE
   672                           postdec1	equ	0xFE5
   673                           fsr1l	equ	0xFE1
   674                           
   675 ;; *************** function _low_isr *****************
   676 ;; Defined at:
   677 ;;		line 9 in file "isr.c"
   678 ;; Parameters:    Size  Location     Type
   679 ;;		None
   680 ;; Auto vars:     Size  Location     Type
   681 ;;		None
   682 ;; Return value:  Size  Location     Type
   683 ;;		None               void
   684 ;; Registers used:
   685 ;;		None
   686 ;; Tracked objects:
   687 ;;		On entry : 0/0
   688 ;;		On exit  : 0/0
   689 ;;		Unchanged: 0/0
   690 ;; Data sizes:     COMRAM   BANK0   BANK1   BANK2
   691 ;;      Params:         0       0       0       0
   692 ;;      Locals:         0       0       0       0
   693 ;;      Temps:         17       0       0       0
   694 ;;      Totals:        17       0       0       0
   695 ;;Total ram usage:       17 bytes
   696 ;; Hardware stack levels used:    1
   697 ;; Hardware stack levels required when called:    2
   698 ;; This function calls:
   699 ;;		Nothing
   700 ;; This function is called by:
   701 ;;		Interrupt level 1
   702 ;; This function uses a non-reentrant model
   703 ;;
   704                           
   705                           	psect	intcodelo
   706  000018                     __pintcodelo:
   707                           	opt stack 0
   708  000018                     _low_isr:
   709                           	opt stack 27
   710                           
   711                           ;incstack = 0
   712  000018  CFD8 F00F          	movff	status,??_low_isr
   713  00001C  CFE8 F010          	movff	wreg,??_low_isr+1
   714  000020  CFE0 F011          	movff	bsr,??_low_isr+2
   715  000024  CFFA F012          	movff	pclath,??_low_isr+3
   716  000028  CFFB F013          	movff	pclatu,??_low_isr+4
   717  00002C  CFE9 F014          	movff	fsr0l,??_low_isr+5
   718  000030  CFEA F015          	movff	fsr0h,??_low_isr+6
   719  000034  CFE1 F016          	movff	fsr1l,??_low_isr+7
   720  000038  CFE2 F017          	movff	fsr1h,??_low_isr+8
   721  00003C  CFD9 F018          	movff	fsr2l,??_low_isr+9
   722  000040  CFDA F019          	movff	fsr2h,??_low_isr+10
   723  000044  CFF3 F01A          	movff	prodl,??_low_isr+11
   724  000048  CFF4 F01B          	movff	prodh,??_low_isr+12
   725  00004C  CFF6 F01C          	movff	tblptrl,??_low_isr+13
   726  000050  CFF7 F01D          	movff	tblptrh,??_low_isr+14
   727  000054  CFF8 F01E          	movff	tblptru,??_low_isr+15
   728  000058  CFF5 F01F          	movff	tablat,??_low_isr+16
   729  00005C  C01F  FFF5         	movff	??_low_isr+16,tablat
   730  000060  C01E  FFF8         	movff	??_low_isr+15,tblptru
   731  000064  C01D  FFF7         	movff	??_low_isr+14,tblptrh
   732  000068  C01C  FFF6         	movff	??_low_isr+13,tblptrl
   733  00006C  C01B  FFF4         	movff	??_low_isr+12,prodh
   734  000070  C01A  FFF3         	movff	??_low_isr+11,prodl
   735  000074  C019  FFDA         	movff	??_low_isr+10,fsr2h
   736  000078  C018  FFD9         	movff	??_low_isr+9,fsr2l
   737  00007C  C017  FFE2         	movff	??_low_isr+8,fsr1h
   738  000080  C016  FFE1         	movff	??_low_isr+7,fsr1l
   739  000084  C015  FFEA         	movff	??_low_isr+6,fsr0h
   740  000088  C014  FFE9         	movff	??_low_isr+5,fsr0l
   741  00008C  C013  FFFB         	movff	??_low_isr+4,pclatu
   742  000090  C012  FFFA         	movff	??_low_isr+3,pclath
   743  000094  C011  FFE0         	movff	??_low_isr+2,bsr
   744  000098  C010  FFE8         	movff	??_low_isr+1,wreg
   745  00009C  C00F  FFD8         	movff	??_low_isr,status
   746  0000A0  0010               	retfie	
   747  0000A2                     __end_of_low_isr:
   748                           	opt stack 0
   749                           pclatu	equ	0xFFB
   750                           pclath	equ	0xFFA
   751                           tblptru	equ	0xFF8
   752                           tblptrh	equ	0xFF7
   753                           tblptrl	equ	0xFF6
   754                           tablat	equ	0xFF5
   755                           prodh	equ	0xFF4
   756                           prodl	equ	0xFF3
   757                           intcon	equ	0xFF2
   758                           postinc0	equ	0xFEE
   759                           fsr0h	equ	0xFEA
   760                           fsr0l	equ	0xFE9
   761                           wreg	equ	0xFE8
   762                           postdec1	equ	0xFE5
   763                           fsr1h	equ	0xFE2
   764                           fsr1l	equ	0xFE1
   765                           bsr	equ	0xFE0
   766                           fsr2h	equ	0xFDA
   767                           fsr2l	equ	0xFD9
   768                           status	equ	0xFD8
   769                           
   770 ;; *************** function _high_isr *****************
   771 ;; Defined at:
   772 ;;		line 18 in file "isr.c"
   773 ;; Parameters:    Size  Location     Type
   774 ;;		None
   775 ;; Auto vars:     Size  Location     Type
   776 ;;		None
   777 ;; Return value:  Size  Location     Type
   778 ;;		None               void
   779 ;; Registers used:
   780 ;;		cstack
   781 ;; Tracked objects:
   782 ;;		On entry : 0/0
   783 ;;		On exit  : 0/0
   784 ;;		Unchanged: 0/0
   785 ;; Data sizes:     COMRAM   BANK0   BANK1   BANK2
   786 ;;      Params:         0       0       0       0
   787 ;;      Locals:         0       0       0       0
   788 ;;      Temps:         14       0       0       0
   789 ;;      Totals:        14       0       0       0
   790 ;;Total ram usage:       14 bytes
   791 ;; Hardware stack levels used:    1
   792 ;; Hardware stack levels required when called:    1
   793 ;; This function calls:
   794 ;;		_adc_get
   795 ;; This function is called by:
   796 ;;		Interrupt level 2
   797 ;; This function uses a non-reentrant model
   798 ;;
   799                           
   800                           	psect	intcode
   801  000008                     __pintcode:
   802                           	opt stack 0
   803  000008                     _high_isr:
   804                           	opt stack 27
   805                           
   806                           ;incstack = 0
   807  000008  CFFA F001          	movff	pclath,??_high_isr
   808  00000C  CFFB F002          	movff	pclatu,??_high_isr+1
   809  000010  CFE9 F003          	movff	fsr0l,??_high_isr+2
   810  000014  EF53  F000         	goto	int_func
   811                           pclatu	equ	0xFFB
   812                           pclath	equ	0xFFA
   813                           tblptru	equ	0xFF8
   814                           tblptrh	equ	0xFF7
   815                           tblptrl	equ	0xFF6
   816                           tablat	equ	0xFF5
   817                           prodh	equ	0xFF4
   818                           prodl	equ	0xFF3
   819                           intcon	equ	0xFF2
   820                           postinc0	equ	0xFEE
   821                           fsr0h	equ	0xFEA
   822                           fsr0l	equ	0xFE9
   823                           wreg	equ	0xFE8
   824                           postdec1	equ	0xFE5
   825                           fsr1h	equ	0xFE2
   826                           fsr1l	equ	0xFE1
   827                           bsr	equ	0xFE0
   828                           fsr2h	equ	0xFDA
   829                           fsr2l	equ	0xFD9
   830                           status	equ	0xFD8
   831                           
   832                           	psect	intcode_body
   833  0000A6                     __pintcode_body:
   834                           	opt stack 27
   835  0000A6                     int_func:
   836                           	opt stack 27
   837  0000A6  CFEA F004          	movff	fsr0h,??_high_isr+3
   838  0000AA  CFE1 F005          	movff	fsr1l,??_high_isr+4
   839  0000AE  CFE2 F006          	movff	fsr1h,??_high_isr+5
   840  0000B2  CFD9 F007          	movff	fsr2l,??_high_isr+6
   841  0000B6  CFDA F008          	movff	fsr2h,??_high_isr+7
   842  0000BA  CFF3 F009          	movff	prodl,??_high_isr+8
   843  0000BE  CFF4 F00A          	movff	prodh,??_high_isr+9
   844  0000C2  CFF6 F00B          	movff	tblptrl,??_high_isr+10
   845  0000C6  CFF7 F00C          	movff	tblptrh,??_high_isr+11
   846  0000CA  CFF8 F00D          	movff	tblptru,??_high_isr+12
   847  0000CE  CFF5 F00E          	movff	tablat,??_high_isr+13
   848                           
   849                           ;isr.c: 21: if (PIR3bits.TMR5IF==1)
   850  0000D2  A0A4               	btfss	4004,0,c	;volatile
   851  0000D4  D002               	goto	i2l161
   852                           
   853                           ;isr.c: 22: {
   854                           ;isr.c: 23: LATBbits.LATB7=~LATBbits.LATB7;
   855  0000D6  7E8A               	btg	3978,7,c	;volatile
   856                           
   857                           ;isr.c: 24: PIR3bits.TMR5IF=0;
   858  0000D8  90A4               	bcf	4004,0,c	;volatile
   859  0000DA                     i2l161:
   860                           
   861                           ;isr.c: 25: }
   862                           ;isr.c: 27: if (PIR1bits.ADIF==1)
   863  0000DA  AC9E               	btfss	3998,6,c	;volatile
   864  0000DC  D009               	goto	i2l166
   865                           
   866                           ;isr.c: 28: {
   867                           ;isr.c: 29: LATBbits.LATB6 = 0;
   868  0000DE  9C8A               	bcf	3978,6,c	;volatile
   869                           
   870                           ;isr.c: 30: while (!ADCON1bits.BFEMT);
   871  0000E0  D000               	goto	i2l163
   872  0000E2                     i2l163:
   873  0000E2  A6C1               	btfss	4033,3,c	;volatile
   874  0000E4  D7FE               	goto	i2l163
   875                           
   876                           ;isr.c: 31: adc_get();
   877  0000E6  EC02  F001         	call	_adc_get	;wreg free
   878                           
   879                           ;isr.c: 32: LATBbits.LATB6 = 1;
   880  0000EA  8C8A               	bsf	3978,6,c	;volatile
   881                           
   882                           ;isr.c: 33: PIR1bits.ADIF=0;
   883  0000EC  9C9E               	bcf	3998,6,c	;volatile
   884  0000EE  D000               	goto	i2l166
   885  0000F0                     i2l166:
   886  0000F0  C00E  FFF5         	movff	??_high_isr+13,tablat
   887  0000F4  C00D  FFF8         	movff	??_high_isr+12,tblptru
   888  0000F8  C00C  FFF7         	movff	??_high_isr+11,tblptrh
   889  0000FC  C00B  FFF6         	movff	??_high_isr+10,tblptrl
   890  000100  C00A  FFF4         	movff	??_high_isr+9,prodh
   891  000104  C009  FFF3         	movff	??_high_isr+8,prodl
   892  000108  C008  FFDA         	movff	??_high_isr+7,fsr2h
   893  00010C  C007  FFD9         	movff	??_high_isr+6,fsr2l
   894  000110  C006  FFE2         	movff	??_high_isr+5,fsr1h
   895  000114  C005  FFE1         	movff	??_high_isr+4,fsr1l
   896  000118  C004  FFEA         	movff	??_high_isr+3,fsr0h
   897  00011C  C003  FFE9         	movff	??_high_isr+2,fsr0l
   898  000120  C002  FFFB         	movff	??_high_isr+1,pclatu
   899  000124  C001  FFFA         	movff	??_high_isr,pclath
   900  000128  0011               	retfie		f
   901  00012A                     __end_of_high_isr:
   902                           	opt stack 0
   903                           pclatu	equ	0xFFB
   904                           pclath	equ	0xFFA
   905                           tblptru	equ	0xFF8
   906                           tblptrh	equ	0xFF7
   907                           tblptrl	equ	0xFF6
   908                           tablat	equ	0xFF5
   909                           prodh	equ	0xFF4
   910                           prodl	equ	0xFF3
   911                           intcon	equ	0xFF2
   912                           postinc0	equ	0xFEE
   913                           fsr0h	equ	0xFEA
   914                           fsr0l	equ	0xFE9
   915                           wreg	equ	0xFE8
   916                           postdec1	equ	0xFE5
   917                           fsr1h	equ	0xFE2
   918                           fsr1l	equ	0xFE1
   919                           bsr	equ	0xFE0
   920                           fsr2h	equ	0xFDA
   921                           fsr2l	equ	0xFD9
   922                           status	equ	0xFD8
   923                           
   924 ;; *************** function _adc_get *****************
   925 ;; Defined at:
   926 ;;		line 7 in file "func.c"
   927 ;; Parameters:    Size  Location     Type
   928 ;;		None
   929 ;; Auto vars:     Size  Location     Type
   930 ;;		None
   931 ;; Return value:  Size  Location     Type
   932 ;;		None               void
   933 ;; Registers used:
   934 ;;		None
   935 ;; Tracked objects:
   936 ;;		On entry : 0/0
   937 ;;		On exit  : 0/0
   938 ;;		Unchanged: 0/0
   939 ;; Data sizes:     COMRAM   BANK0   BANK1   BANK2
   940 ;;      Params:         0       0       0       0
   941 ;;      Locals:         0       0       0       0
   942 ;;      Temps:          0       0       0       0
   943 ;;      Totals:         0       0       0       0
   944 ;;Total ram usage:        0 bytes
   945 ;; Hardware stack levels used:    1
   946 ;; This function calls:
   947 ;;		Nothing
   948 ;; This function is called by:
   949 ;;		_high_isr
   950 ;; This function uses a non-reentrant model
   951 ;;
   952                           
   953                           	psect	text8
   954  000204                     __ptext8:
   955                           	opt stack 0
   956  000204                     _adc_get:
   957                           	opt stack 27
   958                           
   959                           ;func.c: 9: Buffer = ADRES;
   960                           
   961                           ;incstack = 0
   962  000204  CFC3 F027          	movff	4035,_Buffer	;volatile
   963  000208  CFC4 F028          	movff	4036,_Buffer+1	;volatile
   964  00020C  0012               	return		;funcret
   965  00020E                     __end_of_adc_get:
   966                           	opt stack 0
   967  0000                     pclatu	equ	0xFFB
   968                           pclath	equ	0xFFA
   969                           tblptru	equ	0xFF8
   970                           tblptrh	equ	0xFF7
   971                           tblptrl	equ	0xFF6
   972                           tablat	equ	0xFF5
   973                           prodh	equ	0xFF4
   974                           prodl	equ	0xFF3
   975                           intcon	equ	0xFF2
   976                           postinc0	equ	0xFEE
   977                           fsr0h	equ	0xFEA
   978                           fsr0l	equ	0xFE9
   979                           wreg	equ	0xFE8
   980                           postdec1	equ	0xFE5
   981                           fsr1h	equ	0xFE2
   982                           fsr1l	equ	0xFE1
   983                           bsr	equ	0xFE0
   984                           fsr2h	equ	0xFDA
   985                           fsr2l	equ	0xFD9
   986                           status	equ	0xFD8
   987                           pclatu	equ	0xFFB
   988                           pclath	equ	0xFFA
   989                           tblptru	equ	0xFF8
   990                           tblptrh	equ	0xFF7
   991                           tblptrl	equ	0xFF6
   992                           tablat	equ	0xFF5
   993                           prodh	equ	0xFF4
   994                           prodl	equ	0xFF3
   995                           intcon	equ	0xFF2
   996                           postinc0	equ	0xFEE
   997                           fsr0h	equ	0xFEA
   998                           fsr0l	equ	0xFE9
   999                           wreg	equ	0xFE8
  1000                           postdec1	equ	0xFE5
  1001                           fsr1h	equ	0xFE2
  1002                           fsr1l	equ	0xFE1
  1003                           bsr	equ	0xFE0
  1004                           fsr2h	equ	0xFDA
  1005                           fsr2l	equ	0xFD9
  1006                           status	equ	0xFD8
  1007                           
  1008                           	psect	rparam
  1009  0000                     pclatu	equ	0xFFB
  1010                           pclath	equ	0xFFA
  1011                           tblptru	equ	0xFF8
  1012                           tblptrh	equ	0xFF7
  1013                           tblptrl	equ	0xFF6
  1014                           tablat	equ	0xFF5
  1015                           prodh	equ	0xFF4
  1016                           prodl	equ	0xFF3
  1017                           intcon	equ	0xFF2
  1018                           postinc0	equ	0xFEE
  1019                           fsr0h	equ	0xFEA
  1020                           fsr0l	equ	0xFE9
  1021                           wreg	equ	0xFE8
  1022                           postdec1	equ	0xFE5
  1023                           fsr1h	equ	0xFE2
  1024                           fsr1l	equ	0xFE1
  1025                           bsr	equ	0xFE0
  1026                           fsr2h	equ	0xFDA
  1027                           fsr2l	equ	0xFD9
  1028                           status	equ	0xFD8


Data Sizes:
    Strings     0
    Constant    0
    Data        5
    BSS         3
    Persistent  0
    Stack       0

Auto Spaces:
    Space          Size  Autos    Used
    COMRAM           95     33      41
    BANK0           160      0       0
    BANK1           256      0       0
    BANK2           256      0       0

Pointer List with Targets:

    None.

Critical Paths under _main in COMRAM

    _main->_Timer5_Start

Critical Paths under _low_isr in COMRAM

    None.

Critical Paths under _high_isr in COMRAM

    None.

Critical Paths under _main in BANK0

    None.

Critical Paths under _low_isr in BANK0

    None.

Critical Paths under _high_isr in BANK0

    None.

Critical Paths under _main in BANK1

    None.

Critical Paths under _low_isr in BANK1

    None.

Critical Paths under _high_isr in BANK1

    None.

Critical Paths under _main in BANK2

    None.

Critical Paths under _low_isr in BANK2

    None.

Critical Paths under _high_isr in BANK2

    None.

Call Graph Tables:

 ---------------------------------------------------------------------------------
 (Depth) Function   	        Calls       Base Space   Used Autos Params    Refs
 ---------------------------------------------------------------------------------
 (0) _main                                                 0     0      0      65
                           _CloseADC
                         _SYSTEM_INT
                         _Timer5_Int
                       _Timer5_Start
                    _uart_initialize
 ---------------------------------------------------------------------------------
 (1) _uart_initialize                                      1     1      0       0
                                             31 COMRAM     1     1      0
 ---------------------------------------------------------------------------------
 (1) _Timer5_Start                                         2     0      2      65
                                             31 COMRAM     2     0      2
 ---------------------------------------------------------------------------------
 (1) _Timer5_Int                                           0     0      0       0
 ---------------------------------------------------------------------------------
 (1) _SYSTEM_INT                                           0     0      0       0
 ---------------------------------------------------------------------------------
 (1) _CloseADC                                             0     0      0       0
 ---------------------------------------------------------------------------------
 Estimated maximum stack depth 1
 ---------------------------------------------------------------------------------
 (Depth) Function   	        Calls       Base Space   Used Autos Params    Refs
 ---------------------------------------------------------------------------------
 (2) _low_isr                                             17    17      0       0
                                             14 COMRAM    17    17      0
 ---------------------------------------------------------------------------------
 Estimated maximum stack depth 2
 ---------------------------------------------------------------------------------
 (Depth) Function   	        Calls       Base Space   Used Autos Params    Refs
 ---------------------------------------------------------------------------------
 (3) _high_isr                                            14    14      0       0
                                              0 COMRAM    14    14      0
                            _adc_get
 ---------------------------------------------------------------------------------
 (4) _adc_get                                              0     0      0       0
 ---------------------------------------------------------------------------------
 Estimated maximum stack depth 4
 ---------------------------------------------------------------------------------

 Call Graph Graphs:

 _main (ROOT)
   _CloseADC
   _SYSTEM_INT
   _Timer5_Int
   _Timer5_Start
   _uart_initialize

 _low_isr (ROOT)

 _high_isr (ROOT)
   _adc_get

 Address spaces:
Name               Size   Autos  Total    Cost      Usage
BIGRAM             2FF      0       0      10        0.0%
EEDATA             100      0       0       0        0.0%
BITBANK2           100      0       0       8        0.0%
BANK2              100      0       0       9        0.0%
BITBANK1           100      0       0       6        0.0%
BANK1              100      0       0       7        0.0%
BITBANK0            A0      0       0       4        0.0%
BANK0               A0      0       0       5        0.0%
BITCOMRAM           5F      0       0       0        0.0%
COMRAM              5F     21      29       1       43.2%
BITSFR               0      0       0      40        0.0%
SFR                  0      0       0      40        0.0%
STACK                0      0       0       2        0.0%
NULL                 0      0       0       0        0.0%
ABS                  0      0      29       3        0.0%
DATA                 0      0      29      11        0.0%
CODE                 0      0       0       0        0.0%


Microchip Technology PIC18 Macro Assembler V1.34 build -361300703 
Symbol Table                                                                                   Wed Apr 27 06:08:16 2016

                      bsr 000FE0              __CFG_CP0$OFF 000000              __CFG_CP1$OFF 000000  
                     l122 0160              __CFG_CPB$OFF 000000              __CFG_CPD$OFF 000000  
            __CFG_BORV$45 000000                       wreg 000FE8                _SYSTEM_INT 0192  
            __CFG_LVP$OFF 000000                      _TMR5 000F87                      _main 012A  
                    fsr0h 000FEA                      fsr1h 000FE2                      fsr0l 000FE9  
                    fsr2h 000FDA                      fsr1l 000FE1                      fsr2l 000FD9  
                    pclat 000FFA                      prodh 000FF4                      prodl 000FF3  
                    start 00A2             __CFG_IESO$OFF 000000             __CFG_MCLRE$ON 000000  
           __CFG_HPOL$LOW 000000              ___param_bank 000010             __CFG_LPOL$LOW 000000  
                   ?_main 0001                     _ADCHS 000F99                     _ADRES 000FC3  
         __end_of_adc_get 020E                     _PDC0H 000F78                     _PDC1H 000F76  
                   _PDC2H 000F74                     _PDC0L 000F79                     _DTCON 000F6D  
                   _PDC3H 000F72                     _PDC1L 000F77                     _PDC2L 000F75  
                   _PDC3L 000F73            __CFG_DEBUG$OFF 000000                     i2l161 00DA  
                   i2l163 00E2                     i2l166 00F0                     _RCREG 000FAE  
                   _SPBRG 000FAF                     _PORTA 000F80                     _PORTB 000F81  
                   _PORTC 000F82                     _PORTD 000F83                     _PORTE 000F84  
                   _TRISA 000F92                     _TRISB 000F93                     _TRISC 000F94  
                   _TRISD 000F95                     _TRISE 000F96                     _TXREG 000FAD  
           __CFG_WRT0$OFF 000000             __CFG_WRT1$OFF 000000            __CFG_EBTR0$OFF 000000  
          __CFG_FCMEN$OFF 000000            __CFG_EBTR1$OFF 000000             __CFG_WRTB$OFF 000000  
           __CFG_WRTC$OFF 000000             __CFG_WRTD$OFF 000000         ??_uart_initialize 0020  
          __CFG_EBTRB$OFF 000000           __end_of_low_isr 00A2            __CFG_BOREN$OFF 000000  
                   tablat 000FF5                     status 000FD8      Timer5_Start@PR_value 0020  
        __end_of_CloseADC 0214           __initialization 0166              __end_of_main 0166  
          __CFG_OSC$HSPLL 000000                    ??_main 0022             __activetblptr 000000  
             ?_SYSTEM_INT 0001                    _ADCON0 000FC2                    _ADCON1 000FC1  
                  _ADCON2 000FC0                    _ADCON3 000F9A            __CFG_WDTEN$OFF 000000  
                  _QEICON 000FB6                    _SPBRGH 000FB0                    _PTPERH 000F7A  
                  _PTPERL 000F7B                    _Buffer 0027            __CFG_PWRTEN$ON 000000  
          __CFG_SSPMX$RD1 000000                _Timer5_Int 01F4          __end_of_high_isr 012A  
          __CFG_STVREN$ON 000000                 ??_adc_get 0001              __pdataCOMRAM 0022  
               ??_low_isr 000F                    tblptrh 000FF7                    tblptrl 000FF6  
                  tblptru 000FF8                __accesstop 0060   __end_of__initialization 018C  
           ___rparam_used 000001            __pcstackCOMRAM 0001       __size_of_SYSTEM_INT 002A  
               ?_CloseADC 0001               ?_Timer5_Int 0001             ?_Timer5_Start 0020  
         _uart_initialize 01BC                   _MAXCNTH 000F65                   _MAXCNTL 000F64  
                 _OVDCOND 000F6B                   _OVDCONS 000F6A                   _POSCNTH 000F67  
                 _POSCNTL 000F66                ??_CloseADC 0020                 ?_high_isr 0001  
         __CFG_PWMPIN$OFF 000000                   __Hparam 0000            ??_Timer5_Start 0022  
                 __Lparam 0000                   _adc_get 0204                   __pcinit 0166  
                 __ramtop 0300                   __ptext0 012A                   __ptext1 01BC  
                 __ptext2 01E0                   __ptext3 01F4                   __ptext4 0192  
                 __ptext5 020E                   __ptext8 0204                   _config1 0024  
                 _config2 0029                   _config3 0025                   _config4 0026  
               _DTCONbits 000F6D              ??_SYSTEM_INT 0020                 _T5CONbits 000FB7  
                 _low_isr 0018       __size_of_Timer5_Int 0010                ??_high_isr 0001  
          __pintcode_body 00A6      end_of_initialization 018C                   int_func 00A6  
 __end_of_uart_initialize 01E0                 _RCSTAbits 000FAB                   postdec1 000FE5  
      __end_of_SYSTEM_INT 01BC                   postinc0 000FEE                 _TXSTAbits 000FAC  
        __CFG_T1OSCMX$OFF 000000             __pidataCOMRAM 0214               _BAUDCTLbits 000FAA  
             _adc_reading 0022       start_initialization 0166      __end_of_Timer5_Start 01F4  
       __size_of_CloseADC 0006              ??_Timer5_Int 0020          ?_uart_initialize 0001  
             __pbssCOMRAM 0027        __end_of_Timer5_Int 0204         __size_of_high_isr 0122  
               __pintcode 0008                  ?_adc_get 0001               __pintcodelo 0018  
                ?_low_isr 0001                  _LATBbits 000F8A                  _IPR1bits 000F9F  
                _PIE1bits 000F9D                  _IPR3bits 000FA5                  _PIE3bits 000FA3  
                _PIR1bits 000F9E                  _PIR3bits 000FA4                _ADCON0bits 000FC2  
              _ADCON1bits 000FC1     __size_of_Timer5_Start 0014                  _CloseADC 020E  
               copy_data0 0180      uart_initialize@dummy 0020                  __Hrparam 0000  
                __Lrparam 0000              _Timer5_Start 01E0          __size_of_adc_get 000A  
        __size_of_low_isr 008A                  _high_isr 0008             __size_of_main 003C  
              _INTCONbits 000FF2                _QEICONbits 000FB6                  intlevel1 0000  
                intlevel2 0000               _PWMCON0bits 000F6F               _PWMCON1bits 000F6E  
              _PTCON0bits 000F7F                _PTCON1bits 000F7E  __size_of_uart_initialize 0024  
